{"/home/travis/build/npmtest/node-npmtest-angular-jsdoc/test.js":{"path":"/home/travis/build/npmtest/node-npmtest-angular-jsdoc/test.js","s":{"1":2,"2":2,"3":2,"4":2,"5":2,"6":2,"7":2,"8":1,"9":2,"10":2,"11":1,"12":1,"13":1,"14":1,"15":2,"16":2,"17":2,"18":2,"19":1,"20":1,"21":2,"22":2,"23":2,"24":1,"25":1,"26":1,"27":1,"28":1,"29":1,"30":1,"31":1,"32":1,"33":1,"34":1,"35":1,"36":1,"37":1,"38":1,"39":2,"40":2,"41":1,"42":2,"43":2,"44":1,"45":2,"46":2,"47":1,"48":2,"49":2,"50":1,"51":1,"52":1,"53":1,"54":1},"b":{"1":[2,1,1,1],"2":[1,1,1,1],"3":[1,1],"4":[1,1],"5":[1,1],"6":[1,1],"7":[1,1],"8":[1,1],"9":[1,1],"10":[1,1,1],"11":[1,1],"12":[1,1],"13":[1,1],"14":[1,1],"15":[1,1],"16":[1,1],"17":[1,1]},"f":{"1":2,"2":2,"3":2,"4":2,"5":2,"6":1,"7":1,"8":1,"9":2,"10":2,"11":2,"12":2,"13":1},"fnMap":{"1":{"name":"(anonymous_1)","line":12,"loc":{"start":{"line":12,"column":1},"end":{"line":12,"column":13}}},"2":{"name":"(anonymous_2)","line":19,"loc":{"start":{"line":19,"column":5},"end":{"line":19,"column":17}}},"3":{"name":"(anonymous_3)","line":23,"loc":{"start":{"line":23,"column":24},"end":{"line":23,"column":36}}},"4":{"name":"(anonymous_4)","line":61,"loc":{"start":{"line":61,"column":5},"end":{"line":61,"column":17}}},"5":{"name":"(anonymous_5)","line":82,"loc":{"start":{"line":82,"column":5},"end":{"line":82,"column":17}}},"6":{"name":"(anonymous_6)","line":91,"loc":{"start":{"line":91,"column":77},"end":{"line":94,"column":10}}},"7":{"name":"(anonymous_7)","line":112,"loc":{"start":{"line":112,"column":83},"end":{"line":115,"column":10}},"skip":true},"8":{"name":"(anonymous_8)","line":123,"loc":{"start":{"line":123,"column":77},"end":{"line":126,"column":10}},"skip":true},"9":{"name":"(anonymous_9)","line":139,"loc":{"start":{"line":139,"column":12},"end":{"line":139,"column":40}},"skip":true},"10":{"name":"(anonymous_10)","line":147,"loc":{"start":{"line":147,"column":77},"end":{"line":150,"column":10}},"skip":true},"11":{"name":"(anonymous_11)","line":158,"loc":{"start":{"line":158,"column":83},"end":{"line":161,"column":10}},"skip":true},"12":{"name":"(anonymous_12)","line":169,"loc":{"start":{"line":169,"column":79},"end":{"line":172,"column":10}},"skip":true},"13":{"name":"(anonymous_13)","line":180,"loc":{"start":{"line":180,"column":75},"end":{"line":183,"column":10}},"skip":true}},"statementMap":{"1":{"start":{"line":12,"column":0},"end":{"line":195,"column":5}},"2":{"start":{"line":14,"column":4},"end":{"line":14,"column":14}},"3":{"start":{"line":19,"column":4},"end":{"line":56,"column":9}},"4":{"start":{"line":21,"column":8},"end":{"line":21,"column":19}},"5":{"start":{"line":23,"column":8},"end":{"line":35,"column":13}},"6":{"start":{"line":24,"column":12},"end":{"line":34,"column":13}},"7":{"start":{"line":25,"column":16},"end":{"line":28,"column":30}},"8":{"start":{"line":30,"column":16},"end":{"line":33,"column":27}},"9":{"start":{"line":37,"column":8},"end":{"line":39,"column":21}},"10":{"start":{"line":40,"column":8},"end":{"line":53,"column":9}},"11":{"start":{"line":43,"column":12},"end":{"line":46,"column":14}},"12":{"start":{"line":47,"column":12},"end":{"line":47,"column":18}},"13":{"start":{"line":50,"column":12},"end":{"line":51,"column":33}},"14":{"start":{"line":52,"column":12},"end":{"line":52,"column":18}},"15":{"start":{"line":55,"column":8},"end":{"line":55,"column":35}},"16":{"start":{"line":61,"column":4},"end":{"line":63,"column":9}},"17":{"start":{"line":62,"column":8},"end":{"line":62,"column":15}},"18":{"start":{"line":64,"column":4},"end":{"line":77,"column":5}},"19":{"start":{"line":70,"column":8},"end":{"line":70,"column":14}},"20":{"start":{"line":76,"column":8},"end":{"line":76,"column":14}},"21":{"start":{"line":82,"column":4},"end":{"line":84,"column":9}},"22":{"start":{"line":83,"column":8},"end":{"line":83,"column":15}},"23":{"start":{"line":85,"column":4},"end":{"line":194,"column":5}},"24":{"start":{"line":91,"column":8},"end":{"line":99,"column":10}},"25":{"start":{"line":98,"column":12},"end":{"line":98,"column":35}},"26":{"start":{"line":102,"column":8},"end":{"line":104,"column":63}},"27":{"start":{"line":105,"column":8},"end":{"line":105,"column":14}},"28":{"start":{"line":112,"column":8},"end":{"line":121,"column":10},"skip":true},"29":{"start":{"line":119,"column":12},"end":{"line":119,"column":55},"skip":true},"30":{"start":{"line":120,"column":12},"end":{"line":120,"column":48},"skip":true},"31":{"start":{"line":123,"column":8},"end":{"line":136,"column":10},"skip":true},"32":{"start":{"line":130,"column":12},"end":{"line":130,"column":76},"skip":true},"33":{"start":{"line":131,"column":12},"end":{"line":131,"column":73},"skip":true},"34":{"start":{"line":132,"column":12},"end":{"line":132,"column":74},"skip":true},"35":{"start":{"line":133,"column":12},"end":{"line":133,"column":79},"skip":true},"36":{"start":{"line":134,"column":12},"end":{"line":134,"column":25},"skip":true},"37":{"start":{"line":135,"column":12},"end":{"line":135,"column":45},"skip":true},"38":{"start":{"line":138,"column":8},"end":{"line":145,"column":14},"skip":true},"39":{"start":{"line":143,"column":16},"end":{"line":143,"column":29},"skip":true},"40":{"start":{"line":144,"column":16},"end":{"line":144,"column":55},"skip":true},"41":{"start":{"line":147,"column":8},"end":{"line":156,"column":10},"skip":true},"42":{"start":{"line":154,"column":12},"end":{"line":154,"column":25},"skip":true},"43":{"start":{"line":155,"column":12},"end":{"line":155,"column":45},"skip":true},"44":{"start":{"line":158,"column":8},"end":{"line":167,"column":10},"skip":true},"45":{"start":{"line":165,"column":12},"end":{"line":165,"column":25},"skip":true},"46":{"start":{"line":166,"column":12},"end":{"line":166,"column":48},"skip":true},"47":{"start":{"line":169,"column":8},"end":{"line":178,"column":10},"skip":true},"48":{"start":{"line":176,"column":12},"end":{"line":176,"column":25},"skip":true},"49":{"start":{"line":177,"column":12},"end":{"line":177,"column":46},"skip":true},"50":{"start":{"line":180,"column":8},"end":{"line":189,"column":10},"skip":true},"51":{"start":{"line":187,"column":12},"end":{"line":187,"column":94},"skip":true},"52":{"start":{"line":188,"column":12},"end":{"line":188,"column":48},"skip":true},"53":{"start":{"line":192,"column":8},"end":{"line":192,"column":35},"skip":true},"54":{"start":{"line":193,"column":8},"end":{"line":193,"column":14},"skip":true}},"branchMap":{"1":{"line":25,"type":"binary-expr","locations":[{"start":{"line":25,"column":23},"end":{"line":25,"column":62}},{"start":{"line":26,"column":20},"end":{"line":26,"column":70}},{"start":{"line":27,"column":20},"end":{"line":27,"column":71}},{"start":{"line":28,"column":20},"end":{"line":28,"column":29}}]},"2":{"line":30,"type":"binary-expr","locations":[{"start":{"line":30,"column":23},"end":{"line":30,"column":37}},{"start":{"line":31,"column":20},"end":{"line":31,"column":61}},{"start":{"line":32,"column":20},"end":{"line":32,"column":70}},{"start":{"line":33,"column":20},"end":{"line":33,"column":26}}]},"3":{"line":37,"type":"cond-expr","locations":[{"start":{"line":38,"column":14},"end":{"line":38,"column":20}},{"start":{"line":39,"column":14},"end":{"line":39,"column":20}}]},"4":{"line":40,"type":"switch","locations":[{"start":{"line":42,"column":8},"end":{"line":47,"column":18}},{"start":{"line":49,"column":8},"end":{"line":52,"column":18}}]},"5":{"line":44,"type":"binary-expr","locations":[{"start":{"line":44,"column":16},"end":{"line":44,"column":44}},{"start":{"line":44,"column":48},"end":{"line":44,"column":66}}]},"6":{"line":50,"type":"binary-expr","locations":[{"start":{"line":50,"column":21},"end":{"line":50,"column":49}},{"start":{"line":50,"column":53},"end":{"line":50,"column":72}}]},"7":{"line":64,"type":"switch","locations":[{"start":{"line":69,"column":4},"end":{"line":70,"column":14}},{"start":{"line":75,"column":4},"end":{"line":76,"column":14}}]},"8":{"line":85,"type":"switch","locations":[{"start":{"line":90,"column":4},"end":{"line":105,"column":14}},{"start":{"line":111,"column":4},"end":{"line":193,"column":14},"skip":true}]},"9":{"line":91,"type":"binary-expr","locations":[{"start":{"line":91,"column":42},"end":{"line":91,"column":73}},{"start":{"line":91,"column":77},"end":{"line":99,"column":9}}]},"10":{"line":102,"type":"binary-expr","locations":[{"start":{"line":102,"column":18},"end":{"line":102,"column":32}},{"start":{"line":103,"column":12},"end":{"line":103,"column":53}},{"start":{"line":104,"column":12},"end":{"line":104,"column":61}}]},"11":{"line":112,"type":"binary-expr","locations":[{"start":{"line":112,"column":45},"end":{"line":112,"column":79},"skip":true},{"start":{"line":112,"column":83},"end":{"line":121,"column":9},"skip":true}]},"12":{"line":123,"type":"binary-expr","locations":[{"start":{"line":123,"column":42},"end":{"line":123,"column":73},"skip":true},{"start":{"line":123,"column":77},"end":{"line":136,"column":9},"skip":true}]},"13":{"line":138,"type":"binary-expr","locations":[{"start":{"line":138,"column":48},"end":{"line":138,"column":85},"skip":true},{"start":{"line":139,"column":12},"end":{"line":145,"column":13},"skip":true}]},"14":{"line":147,"type":"binary-expr","locations":[{"start":{"line":147,"column":42},"end":{"line":147,"column":73},"skip":true},{"start":{"line":147,"column":77},"end":{"line":156,"column":9},"skip":true}]},"15":{"line":158,"type":"binary-expr","locations":[{"start":{"line":158,"column":45},"end":{"line":158,"column":79},"skip":true},{"start":{"line":158,"column":83},"end":{"line":167,"column":9},"skip":true}]},"16":{"line":169,"type":"binary-expr","locations":[{"start":{"line":169,"column":43},"end":{"line":169,"column":75},"skip":true},{"start":{"line":169,"column":79},"end":{"line":178,"column":9},"skip":true}]},"17":{"line":180,"type":"binary-expr","locations":[{"start":{"line":180,"column":41},"end":{"line":180,"column":71},"skip":true},{"start":{"line":180,"column":75},"end":{"line":189,"column":9},"skip":true}]}},"code":["/* istanbul instrument in package npmtest_angular_jsdoc */","/*jslint","    bitwise: true,","    browser: true,","    maxerr: 8,","    maxlen: 96,","    node: true,","    nomen: true,","    regexp: true,","    stupid: true","*/","(function () {","    'use strict';","    var local;","","","","    // run shared js-env code - pre-init","    (function () {","        // init local","        local = {};","        // init modeJs","        local.modeJs = (function () {","            try {","                return typeof navigator.userAgent === 'string' &&","                    typeof document.querySelector('body') === 'object' &&","                    typeof XMLHttpRequest.prototype.open === 'function' &&","                    'browser';","            } catch (errorCaughtBrowser) {","                return module.exports &&","                    typeof process.versions.node === 'string' &&","                    typeof require('http').createServer === 'function' &&","                    'node';","            }","        }());","        // init global","        local.global = local.modeJs === 'browser'","            ? window","            : global;","        switch (local.modeJs) {","        // re-init local from window.local","        case 'browser':","            local = local.global.utility2.objectSetDefault(","                local.global.utility2_rollup || local.global.local,","                local.global.utility2","            );","            break;","        // re-init local from example.js","        case 'node':","            local = (local.global.utility2_rollup || require('utility2'))","                .requireReadme();","            break;","        }","        // export local","        local.global.local = local;","    }());","","","","    // run shared js-env code - function","    (function () {","        return;","    }());","    switch (local.modeJs) {","","","","    // run browser js-env code - function","    case 'browser':","        break;","","","","    // run node js-env code - function","    case 'node':","        break;","    }","","","","    // run shared js-env code - post-init","    (function () {","        return;","    }());","    switch (local.modeJs) {","","","","    // run browser js-env code - post-init","    case 'browser':","        local.testCase_browser_nullCase = local.testCase_browser_nullCase || function (","            options,","            onError","        ) {","        /*","         * this function will test browsers's null-case handling-behavior-behavior","         */","            onError(null, options);","        };","","        // run tests","        local.nop(local.modeTest &&","            document.querySelector('#testRunButton1') &&","            document.querySelector('#testRunButton1').click());","        break;","","","","    // run node js-env code - post-init","    /* istanbul ignore next */","    case 'node':","        local.testCase_buildApidoc_default = local.testCase_buildApidoc_default || function (","            options,","            onError","        ) {","        /*","         * this function will test buildApidoc's default handling-behavior-behavior","         */","            options = { modulePathList: module.paths };","            local.buildApidoc(options, onError);","        };","","        local.testCase_buildApp_default = local.testCase_buildApp_default || function (","            options,","            onError","        ) {","        /*","         * this function will test buildApp's default handling-behavior-behavior","         */","            local.testCase_buildReadme_default(options, local.onErrorThrow);","            local.testCase_buildLib_default(options, local.onErrorThrow);","            local.testCase_buildTest_default(options, local.onErrorThrow);","            local.testCase_buildCustomOrg_default(options, local.onErrorThrow);","            options = [];","            local.buildApp(options, onError);","        };","","        local.testCase_buildCustomOrg_default = local.testCase_buildCustomOrg_default ||","            function (options, onError) {","            /*","             * this function will test buildCustomOrg's default handling-behavior","             */","                options = {};","                local.buildCustomOrg(options, onError);","            };","","        local.testCase_buildLib_default = local.testCase_buildLib_default || function (","            options,","            onError","        ) {","        /*","         * this function will test buildLib's default handling-behavior","         */","            options = {};","            local.buildLib(options, onError);","        };","","        local.testCase_buildReadme_default = local.testCase_buildReadme_default || function (","            options,","            onError","        ) {","        /*","         * this function will test buildReadme's default handling-behavior-behavior","         */","            options = {};","            local.buildReadme(options, onError);","        };","","        local.testCase_buildTest_default = local.testCase_buildTest_default || function (","            options,","            onError","        ) {","        /*","         * this function will test buildTest's default handling-behavior","         */","            options = {};","            local.buildTest(options, onError);","        };","","        local.testCase_webpage_default = local.testCase_webpage_default || function (","            options,","            onError","        ) {","        /*","         * this function will test webpage's default handling-behavior","         */","            options = { modeCoverageMerge: true, url: local.serverLocalHost + '?modeTest=1' };","            local.browserTest(options, onError);","        };","","        // run test-server","        local.testRunServer(local);","        break;","    }","}());",""],"l":{"12":2,"14":2,"19":2,"21":2,"23":2,"24":2,"25":2,"30":1,"37":2,"40":2,"43":1,"47":1,"50":1,"52":1,"55":2,"61":2,"62":2,"64":2,"70":1,"76":1,"82":2,"83":2,"85":2,"91":1,"98":1,"102":1,"105":1,"112":1,"119":1,"120":1,"123":1,"130":1,"131":1,"132":1,"133":1,"134":1,"135":1,"138":1,"143":2,"144":2,"147":1,"154":2,"155":2,"158":1,"165":2,"166":2,"169":1,"176":2,"177":2,"180":1,"187":1,"188":1,"192":1,"193":1}},"/home/travis/build/npmtest/node-npmtest-angular-jsdoc/lib.npmtest_angular_jsdoc.js":{"path":"/home/travis/build/npmtest/node-npmtest-angular-jsdoc/lib.npmtest_angular_jsdoc.js","s":{"1":2,"2":2,"3":2,"4":2,"5":2,"6":2,"7":2,"8":1,"9":2,"10":2,"11":2,"12":2,"13":1,"14":1,"15":1,"16":1},"b":{"1":[2,1,1,1],"2":[1,1,1,1],"3":[1,1],"4":[2,2],"5":[1,1]},"f":{"1":2,"2":2,"3":2},"fnMap":{"1":{"name":"(anonymous_1)","line":12,"loc":{"start":{"line":12,"column":1},"end":{"line":12,"column":13}}},"2":{"name":"(anonymous_2)","line":19,"loc":{"start":{"line":19,"column":5},"end":{"line":19,"column":17}}},"3":{"name":"(anonymous_3)","line":23,"loc":{"start":{"line":23,"column":24},"end":{"line":23,"column":36}}}},"statementMap":{"1":{"start":{"line":12,"column":0},"end":{"line":53,"column":5}},"2":{"start":{"line":14,"column":4},"end":{"line":14,"column":14}},"3":{"start":{"line":19,"column":4},"end":{"line":52,"column":9}},"4":{"start":{"line":21,"column":8},"end":{"line":21,"column":19}},"5":{"start":{"line":23,"column":8},"end":{"line":35,"column":13}},"6":{"start":{"line":24,"column":12},"end":{"line":34,"column":13}},"7":{"start":{"line":25,"column":16},"end":{"line":28,"column":30}},"8":{"start":{"line":30,"column":16},"end":{"line":33,"column":27}},"9":{"start":{"line":37,"column":8},"end":{"line":39,"column":21}},"10":{"start":{"line":41,"column":8},"end":{"line":41,"column":54}},"11":{"start":{"line":43,"column":8},"end":{"line":43,"column":58}},"12":{"start":{"line":45,"column":8},"end":{"line":51,"column":9}},"13":{"start":{"line":46,"column":12},"end":{"line":46,"column":64}},"14":{"start":{"line":48,"column":12},"end":{"line":48,"column":35}},"15":{"start":{"line":49,"column":12},"end":{"line":49,"column":49}},"16":{"start":{"line":50,"column":12},"end":{"line":50,"column":43}}},"branchMap":{"1":{"line":25,"type":"binary-expr","locations":[{"start":{"line":25,"column":23},"end":{"line":25,"column":62}},{"start":{"line":26,"column":20},"end":{"line":26,"column":70}},{"start":{"line":27,"column":20},"end":{"line":27,"column":71}},{"start":{"line":28,"column":20},"end":{"line":28,"column":29}}]},"2":{"line":30,"type":"binary-expr","locations":[{"start":{"line":30,"column":23},"end":{"line":30,"column":37}},{"start":{"line":31,"column":20},"end":{"line":31,"column":61}},{"start":{"line":32,"column":20},"end":{"line":32,"column":70}},{"start":{"line":33,"column":20},"end":{"line":33,"column":26}}]},"3":{"line":37,"type":"cond-expr","locations":[{"start":{"line":38,"column":14},"end":{"line":38,"column":20}},{"start":{"line":39,"column":14},"end":{"line":39,"column":20}}]},"4":{"line":41,"type":"binary-expr","locations":[{"start":{"line":41,"column":16},"end":{"line":41,"column":44}},{"start":{"line":41,"column":48},"end":{"line":41,"column":53}}]},"5":{"line":45,"type":"if","locations":[{"start":{"line":45,"column":8},"end":{"line":45,"column":8}},{"start":{"line":45,"column":8},"end":{"line":45,"column":8}}]}},"code":["/* istanbul instrument in package npmtest_angular_jsdoc */","/*jslint","    bitwise: true,","    browser: true,","    maxerr: 8,","    maxlen: 96,","    node: true,","    nomen: true,","    regexp: true,","    stupid: true","*/","(function () {","    'use strict';","    var local;","","","","    // run shared js-env code - pre-init","    (function () {","        // init local","        local = {};","        // init modeJs","        local.modeJs = (function () {","            try {","                return typeof navigator.userAgent === 'string' &&","                    typeof document.querySelector('body') === 'object' &&","                    typeof XMLHttpRequest.prototype.open === 'function' &&","                    'browser';","            } catch (errorCaughtBrowser) {","                return module.exports &&","                    typeof process.versions.node === 'string' &&","                    typeof require('http').createServer === 'function' &&","                    'node';","            }","        }());","        // init global","        local.global = local.modeJs === 'browser'","            ? window","            : global;","        // init utility2_rollup","        local = local.global.utility2_rollup || local;","        // init lib","        local.local = local.npmtest_angular_jsdoc = local;","        // init exports","        if (local.modeJs === 'browser') {","            local.global.utility2_npmtest_angular_jsdoc = local;","        } else {","            module.exports = local;","            module.exports.__dirname = __dirname;","            module.exports.module = module;","        }","    }());","}());",""],"l":{"12":2,"14":2,"19":2,"21":2,"23":2,"24":2,"25":2,"30":1,"37":2,"41":2,"43":2,"45":2,"46":1,"48":1,"49":1,"50":1}},"/home/travis/build/npmtest/node-npmtest-angular-jsdoc/example.js":{"path":"/home/travis/build/npmtest/node-npmtest-angular-jsdoc/example.js","s":{"1":2,"2":2,"3":2,"4":2,"5":2,"6":2,"7":2,"8":1,"9":2,"10":2,"11":2,"12":2,"13":1,"14":2,"15":2,"16":2,"17":2,"18":2,"19":0,"20":2,"21":1,"22":1,"23":1,"24":1,"25":1,"26":0,"27":0,"28":1,"29":1,"30":2,"31":0,"32":0,"33":0,"34":1,"35":2,"36":2,"37":3,"38":3,"39":3,"40":3,"41":0,"42":3,"43":3,"44":3,"45":1,"46":3,"47":1,"48":1,"49":1,"50":1,"51":1,"52":1,"53":1,"54":1,"55":1,"56":1,"57":0,"58":1,"59":6,"60":6,"61":1,"62":2,"63":0,"64":2,"65":1,"66":1,"67":0,"68":0,"69":0,"70":0,"71":0,"72":0,"73":0,"74":0,"75":0,"76":0,"77":0,"78":0,"79":0,"80":0,"81":0,"82":0,"83":0},"b":{"1":[2,1,1,1],"2":[1,1,1,1],"3":[1,1],"4":[2,2],"5":[1,1],"6":[1,1],"7":[2,0],"8":[2,1,1,1,1,1],"9":[0,2,0],"10":[1,1],"11":[2,1,1],"12":[1,0],"13":[0,2],"14":[2,0,0,0,0,0,0],"15":[0,3],"16":[3,0],"17":[1,1],"18":[0,1],"19":[1,2,0,2],"20":[1,0],"21":[1,1],"22":[0,0],"23":[0,0],"24":[0,0],"25":[0,0],"26":[0,0],"27":[0,0],"28":[0,0]},"f":{"1":2,"2":2,"3":2,"4":2,"5":2,"6":2,"7":3,"8":3,"9":3,"10":1,"11":6,"12":0},"fnMap":{"1":{"name":"(anonymous_1)","line":26,"loc":{"start":{"line":26,"column":1},"end":{"line":26,"column":13}}},"2":{"name":"(anonymous_2)","line":33,"loc":{"start":{"line":33,"column":5},"end":{"line":33,"column":17}}},"3":{"name":"(anonymous_3)","line":37,"loc":{"start":{"line":37,"column":24},"end":{"line":37,"column":36}}},"4":{"name":"(anonymous_4)","line":69,"loc":{"start":{"line":69,"column":31},"end":{"line":69,"column":48}},"skip":true},"5":{"name":"(anonymous_5)","line":78,"loc":{"start":{"line":78,"column":26},"end":{"line":78,"column":45}},"skip":true},"6":{"name":"(anonymous_6)","line":123,"loc":{"start":{"line":123,"column":33},"end":{"line":123,"column":48}},"skip":true},"7":{"name":"(anonymous_7)","line":125,"loc":{"start":{"line":125,"column":27},"end":{"line":125,"column":39}},"skip":true},"8":{"name":"(anonymous_8)","line":133,"loc":{"start":{"line":133,"column":59},"end":{"line":133,"column":74}},"skip":true},"9":{"name":"(anonymous_9)","line":143,"loc":{"start":{"line":143,"column":45},"end":{"line":143,"column":62}},"skip":true},"10":{"name":"(anonymous_10)","line":144,"loc":{"start":{"line":144,"column":73},"end":{"line":144,"column":92}},"skip":true},"11":{"name":"(anonymous_11)","line":272,"loc":{"start":{"line":272,"column":51},"end":{"line":272,"column":77}},"skip":true},"12":{"name":"(anonymous_12)","line":315,"loc":{"start":{"line":315,"column":32},"end":{"line":315,"column":61}},"skip":true}},"statementMap":{"1":{"start":{"line":26,"column":0},"end":{"line":326,"column":5}},"2":{"start":{"line":28,"column":4},"end":{"line":28,"column":14}},"3":{"start":{"line":33,"column":4},"end":{"line":60,"column":9}},"4":{"start":{"line":35,"column":8},"end":{"line":35,"column":19}},"5":{"start":{"line":37,"column":8},"end":{"line":49,"column":13}},"6":{"start":{"line":38,"column":12},"end":{"line":48,"column":13}},"7":{"start":{"line":39,"column":16},"end":{"line":42,"column":30}},"8":{"start":{"line":44,"column":16},"end":{"line":47,"column":27}},"9":{"start":{"line":51,"column":8},"end":{"line":53,"column":21}},"10":{"start":{"line":55,"column":8},"end":{"line":57,"column":45}},"11":{"start":{"line":59,"column":8},"end":{"line":59,"column":35}},"12":{"start":{"line":61,"column":4},"end":{"line":325,"column":5}},"13":{"start":{"line":69,"column":8},"end":{"line":121,"column":10},"skip":true},"14":{"start":{"line":70,"column":12},"end":{"line":88,"column":13},"skip":true},"15":{"start":{"line":76,"column":16},"end":{"line":87,"column":19},"skip":true},"16":{"start":{"line":79,"column":20},"end":{"line":86,"column":21},"skip":true},"17":{"start":{"line":82,"column":24},"end":{"line":82,"column":43},"skip":true},"18":{"start":{"line":83,"column":24},"end":{"line":83,"column":30},"skip":true},"19":{"start":{"line":85,"column":24},"end":{"line":85,"column":49},"skip":true},"20":{"start":{"line":89,"column":12},"end":{"line":107,"column":13},"skip":true},"21":{"start":{"line":92,"column":16},"end":{"line":102,"column":17},"skip":true},"22":{"start":{"line":93,"column":20},"end":{"line":93,"column":86},"skip":true},"23":{"start":{"line":94,"column":20},"end":{"line":95,"column":45},"skip":true},"24":{"start":{"line":96,"column":20},"end":{"line":96,"column":42},"skip":true},"25":{"start":{"line":97,"column":20},"end":{"line":97,"column":48},"skip":true},"26":{"start":{"line":100,"column":20},"end":{"line":100,"column":85},"skip":true},"27":{"start":{"line":101,"column":20},"end":{"line":101,"column":96},"skip":true},"28":{"start":{"line":103,"column":16},"end":{"line":103,"column":22},"skip":true},"29":{"start":{"line":106,"column":16},"end":{"line":106,"column":22},"skip":true},"30":{"start":{"line":108,"column":12},"end":{"line":120,"column":13},"skip":true},"31":{"start":{"line":114,"column":16},"end":{"line":119,"column":17},"skip":true},"32":{"start":{"line":116,"column":20},"end":{"line":116,"column":78},"skip":true},"33":{"start":{"line":118,"column":20},"end":{"line":118,"column":47},"skip":true},"34":{"start":{"line":123,"column":8},"end":{"line":141,"column":11},"skip":true},"35":{"start":{"line":124,"column":12},"end":{"line":124,"column":54},"skip":true},"36":{"start":{"line":125,"column":12},"end":{"line":140,"column":14},"skip":true},"37":{"start":{"line":126,"column":16},"end":{"line":126,"column":28},"skip":true},"38":{"start":{"line":127,"column":16},"end":{"line":127,"column":69},"skip":true},"39":{"start":{"line":128,"column":16},"end":{"line":128,"column":75},"skip":true},"40":{"start":{"line":129,"column":16},"end":{"line":131,"column":17},"skip":true},"41":{"start":{"line":130,"column":20},"end":{"line":130,"column":27},"skip":true},"42":{"start":{"line":133,"column":16},"end":{"line":137,"column":36},"skip":true},"43":{"start":{"line":134,"column":20},"end":{"line":136,"column":55},"skip":true},"44":{"start":{"line":139,"column":16},"end":{"line":139,"column":57},"skip":true},"45":{"start":{"line":143,"column":8},"end":{"line":147,"column":11},"skip":true},"46":{"start":{"line":144,"column":12},"end":{"line":146,"column":15},"skip":true},"47":{"start":{"line":145,"column":16},"end":{"line":145,"column":70},"skip":true},"48":{"start":{"line":149,"column":8},"end":{"line":149,"column":31},"skip":true},"49":{"start":{"line":150,"column":8},"end":{"line":150,"column":14},"skip":true},"50":{"start":{"line":158,"column":8},"end":{"line":158,"column":31},"skip":true},"51":{"start":{"line":160,"column":8},"end":{"line":160,"column":33},"skip":true},"52":{"start":{"line":161,"column":8},"end":{"line":161,"column":37},"skip":true},"53":{"start":{"line":162,"column":8},"end":{"line":162,"column":35},"skip":true},"54":{"start":{"line":164,"column":8},"end":{"line":164,"column":50},"skip":true},"55":{"start":{"line":166,"column":8},"end":{"line":256,"column":2},"skip":true},"56":{"start":{"line":258,"column":8},"end":{"line":286,"column":9},"skip":true},"57":{"start":{"line":259,"column":12},"end":{"line":269,"column":14},"skip":true},"58":{"start":{"line":271,"column":12},"end":{"line":285,"column":19},"skip":true},"59":{"start":{"line":274,"column":20},"end":{"line":274,"column":35},"skip":true},"60":{"start":{"line":275,"column":20},"end":{"line":284,"column":21},"skip":true},"61":{"start":{"line":277,"column":24},"end":{"line":277,"column":64},"skip":true},"62":{"start":{"line":279,"column":24},"end":{"line":279,"column":40},"skip":true},"63":{"start":{"line":281,"column":24},"end":{"line":281,"column":40},"skip":true},"64":{"start":{"line":283,"column":24},"end":{"line":283,"column":39},"skip":true},"65":{"start":{"line":288,"column":8},"end":{"line":290,"column":9},"skip":true},"66":{"start":{"line":289,"column":12},"end":{"line":289,"column":18},"skip":true},"67":{"start":{"line":291,"column":8},"end":{"line":293,"column":54},"skip":true},"68":{"start":{"line":296,"column":8},"end":{"line":301,"column":37},"skip":true},"69":{"start":{"line":303,"column":8},"end":{"line":303,"column":82},"skip":true},"70":{"start":{"line":306,"column":8},"end":{"line":308,"column":9},"skip":true},"71":{"start":{"line":307,"column":12},"end":{"line":307,"column":82},"skip":true},"72":{"start":{"line":310,"column":8},"end":{"line":312,"column":9},"skip":true},"73":{"start":{"line":311,"column":12},"end":{"line":311,"column":18},"skip":true},"74":{"start":{"line":313,"column":8},"end":{"line":313,"column":54},"skip":true},"75":{"start":{"line":314,"column":8},"end":{"line":314,"column":69},"skip":true},"76":{"start":{"line":315,"column":8},"end":{"line":323,"column":36},"skip":true},"77":{"start":{"line":316,"column":12},"end":{"line":316,"column":61},"skip":true},"78":{"start":{"line":317,"column":12},"end":{"line":320,"column":13},"skip":true},"79":{"start":{"line":318,"column":16},"end":{"line":318,"column":75},"skip":true},"80":{"start":{"line":319,"column":16},"end":{"line":319,"column":23},"skip":true},"81":{"start":{"line":321,"column":12},"end":{"line":321,"column":38},"skip":true},"82":{"start":{"line":322,"column":12},"end":{"line":322,"column":27},"skip":true},"83":{"start":{"line":324,"column":8},"end":{"line":324,"column":14},"skip":true}},"branchMap":{"1":{"line":39,"type":"binary-expr","locations":[{"start":{"line":39,"column":23},"end":{"line":39,"column":62}},{"start":{"line":40,"column":20},"end":{"line":40,"column":70}},{"start":{"line":41,"column":20},"end":{"line":41,"column":71}},{"start":{"line":42,"column":20},"end":{"line":42,"column":29}}]},"2":{"line":44,"type":"binary-expr","locations":[{"start":{"line":44,"column":23},"end":{"line":44,"column":37}},{"start":{"line":45,"column":20},"end":{"line":45,"column":61}},{"start":{"line":46,"column":20},"end":{"line":46,"column":70}},{"start":{"line":47,"column":20},"end":{"line":47,"column":26}}]},"3":{"line":51,"type":"cond-expr","locations":[{"start":{"line":52,"column":14},"end":{"line":52,"column":20}},{"start":{"line":53,"column":14},"end":{"line":53,"column":20}}]},"4":{"line":55,"type":"binary-expr","locations":[{"start":{"line":55,"column":16},"end":{"line":55,"column":44}},{"start":{"line":55,"column":49},"end":{"line":57,"column":43}}]},"5":{"line":55,"type":"cond-expr","locations":[{"start":{"line":56,"column":14},"end":{"line":56,"column":57}},{"start":{"line":57,"column":14},"end":{"line":57,"column":43}}]},"6":{"line":61,"type":"switch","locations":[{"start":{"line":68,"column":4},"end":{"line":150,"column":14},"skip":true},{"start":{"line":156,"column":4},"end":{"line":324,"column":14},"skip":true}]},"7":{"line":70,"type":"if","locations":[{"start":{"line":70,"column":12},"end":{"line":70,"column":12},"skip":true},{"start":{"line":70,"column":12},"end":{"line":70,"column":12},"skip":true}]},"8":{"line":70,"type":"binary-expr","locations":[{"start":{"line":70,"column":16},"end":{"line":70,"column":22},"skip":true},{"start":{"line":70,"column":27},"end":{"line":70,"column":32},"skip":true},{"start":{"line":71,"column":20},"end":{"line":71,"column":39},"skip":true},{"start":{"line":72,"column":20},"end":{"line":72,"column":49},"skip":true},{"start":{"line":73,"column":20},"end":{"line":73,"column":58},"skip":true},{"start":{"line":74,"column":20},"end":{"line":74,"column":69},"skip":true}]},"9":{"line":79,"type":"switch","locations":[{"start":{"line":80,"column":20},"end":{"line":80,"column":33},"skip":true},{"start":{"line":81,"column":20},"end":{"line":83,"column":30},"skip":true},{"start":{"line":84,"column":20},"end":{"line":85,"column":49},"skip":true}]},"10":{"line":89,"type":"switch","locations":[{"start":{"line":90,"column":12},"end":{"line":103,"column":22},"skip":true},{"start":{"line":105,"column":12},"end":{"line":106,"column":22},"skip":true}]},"11":{"line":89,"type":"binary-expr","locations":[{"start":{"line":89,"column":20},"end":{"line":89,"column":25},"skip":true},{"start":{"line":89,"column":29},"end":{"line":89,"column":48},"skip":true},{"start":{"line":89,"column":52},"end":{"line":89,"column":74},"skip":true}]},"12":{"line":92,"type":"if","locations":[{"start":{"line":92,"column":16},"end":{"line":92,"column":16},"skip":true},{"start":{"line":92,"column":16},"end":{"line":92,"column":16},"skip":true}]},"13":{"line":108,"type":"if","locations":[{"start":{"line":108,"column":12},"end":{"line":108,"column":12},"skip":true},{"start":{"line":108,"column":12},"end":{"line":108,"column":12},"skip":true}]},"14":{"line":108,"type":"binary-expr","locations":[{"start":{"line":108,"column":16},"end":{"line":108,"column":61},"skip":true},{"start":{"line":108,"column":66},"end":{"line":108,"column":72},"skip":true},{"start":{"line":108,"column":77},"end":{"line":108,"column":82},"skip":true},{"start":{"line":109,"column":20},"end":{"line":109,"column":39},"skip":true},{"start":{"line":110,"column":20},"end":{"line":110,"column":49},"skip":true},{"start":{"line":111,"column":20},"end":{"line":111,"column":58},"skip":true},{"start":{"line":112,"column":20},"end":{"line":112,"column":68},"skip":true}]},"15":{"line":129,"type":"if","locations":[{"start":{"line":129,"column":16},"end":{"line":129,"column":16},"skip":true},{"start":{"line":129,"column":16},"end":{"line":129,"column":16},"skip":true}]},"16":{"line":134,"type":"cond-expr","locations":[{"start":{"line":135,"column":26},"end":{"line":135,"column":29},"skip":true},{"start":{"line":136,"column":26},"end":{"line":136,"column":54},"skip":true}]},"17":{"line":164,"type":"binary-expr","locations":[{"start":{"line":164,"column":27},"end":{"line":164,"column":43},"skip":true},{"start":{"line":164,"column":47},"end":{"line":164,"column":49},"skip":true}]},"18":{"line":258,"type":"if","locations":[{"start":{"line":258,"column":8},"end":{"line":258,"column":8},"skip":true},{"start":{"line":258,"column":8},"end":{"line":258,"column":8},"skip":true}]},"19":{"line":275,"type":"switch","locations":[{"start":{"line":276,"column":20},"end":{"line":277,"column":64},"skip":true},{"start":{"line":278,"column":20},"end":{"line":279,"column":40},"skip":true},{"start":{"line":280,"column":20},"end":{"line":281,"column":40},"skip":true},{"start":{"line":282,"column":20},"end":{"line":283,"column":39},"skip":true}]},"20":{"line":288,"type":"if","locations":[{"start":{"line":288,"column":8},"end":{"line":288,"column":8},"skip":true},{"start":{"line":288,"column":8},"end":{"line":288,"column":8},"skip":true}]},"21":{"line":288,"type":"binary-expr","locations":[{"start":{"line":288,"column":12},"end":{"line":288,"column":40},"skip":true},{"start":{"line":288,"column":44},"end":{"line":288,"column":67},"skip":true}]},"22":{"line":292,"type":"binary-expr","locations":[{"start":{"line":292,"column":12},"end":{"line":292,"column":50},"skip":true},{"start":{"line":293,"column":12},"end":{"line":293,"column":53},"skip":true}]},"23":{"line":297,"type":"binary-expr","locations":[{"start":{"line":297,"column":12},"end":{"line":297,"column":71},"skip":true},{"start":{"line":298,"column":12},"end":{"line":301,"column":36},"skip":true}]},"24":{"line":303,"type":"binary-expr","locations":[{"start":{"line":303,"column":43},"end":{"line":303,"column":75},"skip":true},{"start":{"line":303,"column":79},"end":{"line":303,"column":81},"skip":true}]},"25":{"line":306,"type":"if","locations":[{"start":{"line":306,"column":8},"end":{"line":306,"column":8},"skip":true},{"start":{"line":306,"column":8},"end":{"line":306,"column":8},"skip":true}]},"26":{"line":310,"type":"if","locations":[{"start":{"line":310,"column":8},"end":{"line":310,"column":8},"skip":true},{"start":{"line":310,"column":8},"end":{"line":310,"column":8},"skip":true}]},"27":{"line":313,"type":"binary-expr","locations":[{"start":{"line":313,"column":27},"end":{"line":313,"column":43},"skip":true},{"start":{"line":313,"column":47},"end":{"line":313,"column":53},"skip":true}]},"28":{"line":317,"type":"if","locations":[{"start":{"line":317,"column":12},"end":{"line":317,"column":12},"skip":true},{"start":{"line":317,"column":12},"end":{"line":317,"column":12},"skip":true}]}},"code":["/*","example.js","","quickstart example","","instruction","    1. save this script as example.js","    2. run the shell command:","        $ npm install npmtest-angular-jsdoc && PORT=8081 node example.js","    3. play with the browser-demo on http://127.0.0.1:8081","*/","","","","/* istanbul instrument in package npmtest_angular_jsdoc */","/*jslint","    bitwise: true,","    browser: true,","    maxerr: 8,","    maxlen: 96,","    node: true,","    nomen: true,","    regexp: true,","    stupid: true","*/","(function () {","    'use strict';","    var local;","","","","    // run shared js-env code - pre-init","    (function () {","        // init local","        local = {};","        // init modeJs","        local.modeJs = (function () {","            try {","                return typeof navigator.userAgent === 'string' &&","                    typeof document.querySelector('body') === 'object' &&","                    typeof XMLHttpRequest.prototype.open === 'function' &&","                    'browser';","            } catch (errorCaughtBrowser) {","                return module.exports &&","                    typeof process.versions.node === 'string' &&","                    typeof require('http').createServer === 'function' &&","                    'node';","            }","        }());","        // init global","        local.global = local.modeJs === 'browser'","            ? window","            : global;","        // init utility2_rollup","        local = local.global.utility2_rollup || (local.modeJs === 'browser'","            ? local.global.utility2_npmtest_angular_jsdoc","            : global.utility2_moduleExports);","        // export local","        local.global.local = local;","    }());","    switch (local.modeJs) {","","","","    // post-init","    // run browser js-env code - post-init","    /* istanbul ignore next */","    case 'browser':","        local.testRunBrowser = function (event) {","            if (!event || (event &&","                    event.currentTarget &&","                    event.currentTarget.className &&","                    event.currentTarget.className.includes &&","                    event.currentTarget.className.includes('onreset'))) {","                // reset output","                Array.from(","                    document.querySelectorAll('body > .resettable')","                ).forEach(function (element) {","                    switch (element.tagName) {","                    case 'INPUT':","                    case 'TEXTAREA':","                        element.value = '';","                        break;","                    default:","                        element.textContent = '';","                    }","                });","            }","            switch (event && event.currentTarget && event.currentTarget.id) {","            case 'testRunButton1':","                // show tests","                if (document.querySelector('#testReportDiv1').style.display === 'none') {","                    document.querySelector('#testReportDiv1').style.display = 'block';","                    document.querySelector('#testRunButton1').textContent =","                        'hide internal test';","                    local.modeTest = true;","                    local.testRunDefault(local);","                // hide tests","                } else {","                    document.querySelector('#testReportDiv1').style.display = 'none';","                    document.querySelector('#testRunButton1').textContent = 'run internal test';","                }","                break;","            // custom-case","            default:","                break;","            }","            if (document.querySelector('#inputTextareaEval1') && (!event || (event &&","                    event.currentTarget &&","                    event.currentTarget.className &&","                    event.currentTarget.className.includes &&","                    event.currentTarget.className.includes('oneval')))) {","                // try to eval input-code","                try {","                    /*jslint evil: true*/","                    eval(document.querySelector('#inputTextareaEval1').value);","                } catch (errorCaught) {","                    console.error(errorCaught);","                }","            }","        };","        // log stderr and stdout to #outputTextareaStdout1","        ['error', 'log'].forEach(function (key) {","            console[key + '_original'] = console[key];","            console[key] = function () {","                var element;","                console[key + '_original'].apply(console, arguments);","                element = document.querySelector('#outputTextareaStdout1');","                if (!element) {","                    return;","                }","                // append text to #outputTextareaStdout1","                element.value += Array.from(arguments).map(function (arg) {","                    return typeof arg === 'string'","                        ? arg","                        : JSON.stringify(arg, null, 4);","                }).join(' ') + '\\n';","                // scroll textarea to bottom","                element.scrollTop = element.scrollHeight;","            };","        });","        // init event-handling","        ['change', 'click', 'keyup'].forEach(function (event) {","            Array.from(document.querySelectorAll('.on' + event)).forEach(function (element) {","                element.addEventListener(event, local.testRunBrowser);","            });","        });","        // run tests","        local.testRunBrowser();","        break;","","","","    // run node js-env code - post-init","    /* istanbul ignore next */","    case 'node':","        // export local","        module.exports = local;","        // require modules","        local.fs = require('fs');","        local.http = require('http');","        local.url = require('url');","        // init assets","        local.assetsDict = local.assetsDict || {};","        /* jslint-ignore-begin */","        local.assetsDict['/assets.index.template.html'] = '\\","<!doctype html>\\n\\","<html lang=\"en\">\\n\\","<head>\\n\\","<meta charset=\"UTF-8\">\\n\\","<meta name=\"viewport\" content=\"width=device-width, initial-scale=1\">\\n\\","<title>{{env.npm_package_name}} (v{{env.npm_package_version}})</title>\\n\\","<style>\\n\\","/*csslint\\n\\","    box-sizing: false,\\n\\","    universal-selector: false\\n\\","*/\\n\\","* {\\n\\","    box-sizing: border-box;\\n\\","}\\n\\","body {\\n\\","    background: #dde;\\n\\","    font-family: Arial, Helvetica, sans-serif;\\n\\","    margin: 2rem;\\n\\","}\\n\\","body > * {\\n\\","    margin-bottom: 1rem;\\n\\","}\\n\\",".utility2FooterDiv {\\n\\","    margin-top: 20px;\\n\\","    text-align: center;\\n\\","}\\n\\","</style>\\n\\","<style>\\n\\","/*csslint\\n\\","*/\\n\\","textarea {\\n\\","    font-family: monospace;\\n\\","    height: 10rem;\\n\\","    width: 100%;\\n\\","}\\n\\","textarea[readonly] {\\n\\","    background: #ddd;\\n\\","}\\n\\","</style>\\n\\","</head>\\n\\","<body>\\n\\","<!-- utility2-comment\\n\\","<div id=\"ajaxProgressDiv1\" style=\"background: #d00; height: 2px; left: 0; margin: 0; padding: 0; position: fixed; top: 0; transition: background 0.5s, width 1.5s; width: 25%;\"></div>\\n\\","utility2-comment -->\\n\\","<h1>\\n\\","<!-- utility2-comment\\n\\","    <a\\n\\","        {{#if env.npm_package_homepage}}\\n\\","        href=\"{{env.npm_package_homepage}}\"\\n\\","        {{/if env.npm_package_homepage}}\\n\\","        target=\"_blank\"\\n\\","    >\\n\\","utility2-comment -->\\n\\","        {{env.npm_package_name}} (v{{env.npm_package_version}})\\n\\","<!-- utility2-comment\\n\\","    </a>\\n\\","utility2-comment -->\\n\\","</h1>\\n\\","<h3>{{env.npm_package_description}}</h3>\\n\\","<!-- utility2-comment\\n\\","<h4><a download href=\"assets.app.js\">download standalone app</a></h4>\\n\\","<button class=\"onclick onreset\" id=\"testRunButton1\">run internal test</button><br>\\n\\","<div id=\"testReportDiv1\" style=\"display: none;\"></div>\\n\\","utility2-comment -->\\n\\","\\n\\","\\n\\","\\n\\","<label>stderr and stdout</label>\\n\\","<textarea class=\"resettable\" id=\"outputTextareaStdout1\" readonly></textarea>\\n\\","<!-- utility2-comment\\n\\","{{#if isRollup}}\\n\\","<script src=\"assets.app.js\"></script>\\n\\","{{#unless isRollup}}\\n\\","utility2-comment -->\\n\\","<script src=\"assets.utility2.rollup.js\"></script>\\n\\","<script src=\"jsonp.utility2._stateInit?callback=window.utility2._stateInit\"></script>\\n\\","<script src=\"assets.npmtest_angular_jsdoc.rollup.js\"></script>\\n\\","<script src=\"assets.example.js\"></script>\\n\\","<script src=\"assets.test.js\"></script>\\n\\","<!-- utility2-comment\\n\\","{{/if isRollup}}\\n\\","utility2-comment -->\\n\\","<div class=\"utility2FooterDiv\">\\n\\","    [ this app was created with\\n\\","    <a href=\"https://github.com/kaizhu256/node-utility2\" target=\"_blank\">utility2</a>\\n\\","    ]\\n\\","</div>\\n\\","</body>\\n\\","</html>\\n\\","';","        /* jslint-ignore-end */","        if (local.templateRender) {","            local.assetsDict['/'] = local.templateRender(","                local.assetsDict['/assets.index.template.html'],","                {","                    env: local.objectSetDefault(local.env, {","                        npm_package_description: 'the greatest app in the world!',","                        npm_package_name: 'my-app',","                        npm_package_nameAlias: 'my_app',","                        npm_package_version: '0.0.1'","                    })","                }","            );","        } else {","            local.assetsDict['/'] = local.assetsDict['/assets.index.template.html']","                .replace((/\\{\\{env\\.(\\w+?)\\}\\}/g), function (match0, match1) {","                    // jslint-hack","                    String(match0);","                    switch (match1) {","                    case 'npm_package_description':","                        return 'the greatest app in the world!';","                    case 'npm_package_name':","                        return 'my-app';","                    case 'npm_package_nameAlias':","                        return 'my_app';","                    case 'npm_package_version':","                        return '0.0.1';","                    }","                });","        }","        // run the cli","        if (local.global.utility2_rollup || module !== require.main) {","            break;","        }","        local.assetsDict['/assets.example.js'] =","            local.assetsDict['/assets.example.js'] ||","            local.fs.readFileSync(__filename, 'utf8');","        // bug-workaround - long $npm_package_buildCustomOrg","        /* jslint-ignore-begin */","        local.assetsDict['/assets.npmtest_angular_jsdoc.rollup.js'] =","            local.assetsDict['/assets.npmtest_angular_jsdoc.rollup.js'] ||","            local.fs.readFileSync(","                local.npmtest_angular_jsdoc.__dirname + '/lib.npmtest_angular_jsdoc.js',","                'utf8'","            ).replace((/^#!/), '//');","        /* jslint-ignore-end */","        local.assetsDict['/favicon.ico'] = local.assetsDict['/favicon.ico'] || '';","        // if $npm_config_timeout_exit exists,","        // then exit this process after $npm_config_timeout_exit ms","        if (Number(process.env.npm_config_timeout_exit)) {","            setTimeout(process.exit, Number(process.env.npm_config_timeout_exit));","        }","        // start server","        if (local.global.utility2_serverHttp1) {","            break;","        }","        process.env.PORT = process.env.PORT || '8081';","        console.error('server starting on port ' + process.env.PORT);","        local.http.createServer(function (request, response) {","            request.urlParsed = local.url.parse(request.url);","            if (local.assetsDict[request.urlParsed.pathname] !== undefined) {","                response.end(local.assetsDict[request.urlParsed.pathname]);","                return;","            }","            response.statusCode = 404;","            response.end();","        }).listen(process.env.PORT);","        break;","    }","}());",""],"l":{"26":2,"28":2,"33":2,"35":2,"37":2,"38":2,"39":2,"44":1,"51":2,"55":2,"59":2,"61":2,"69":1,"70":2,"76":2,"79":2,"82":2,"83":2,"85":1,"89":2,"92":1,"93":1,"94":1,"96":1,"97":1,"100":1,"101":1,"103":1,"106":1,"108":2,"114":1,"116":1,"118":1,"123":1,"124":2,"125":2,"126":3,"127":3,"128":3,"129":3,"130":1,"133":3,"134":3,"139":3,"143":1,"144":3,"145":1,"149":1,"150":1,"158":1,"160":1,"161":1,"162":1,"164":1,"166":1,"258":1,"259":1,"271":1,"274":6,"275":6,"277":1,"279":2,"281":1,"283":2,"288":1,"289":1,"291":1,"296":1,"303":1,"306":1,"307":1,"310":1,"311":1,"313":1,"314":1,"315":1,"316":1,"317":1,"318":1,"319":1,"321":1,"322":1,"324":1}},"/home/travis/build/npmtest/node-npmtest-angular-jsdoc/node_modules/angular-jsdoc/index.js":{"path":"/home/travis/build/npmtest/node-npmtest-angular-jsdoc/node_modules/angular-jsdoc/index.js","s":{"1":1,"2":1,"3":1,"4":1,"5":1,"6":1,"7":0,"8":0,"9":0,"10":0,"11":0,"12":0,"13":0,"14":0,"15":0,"16":0,"17":0,"18":0,"19":1,"20":0,"21":0,"22":0,"23":0,"24":0,"25":0,"26":0,"27":0,"28":0,"29":0,"30":1},"b":{"1":[0,0],"2":[0,0],"3":[0,0],"4":[0,0],"5":[0,0],"6":[0,0],"7":[0,0]},"f":{"1":0,"2":0,"3":0,"4":0,"5":0,"6":0},"fnMap":{"1":{"name":"(anonymous_1)","line":12,"loc":{"start":{"line":12,"column":17},"end":{"line":12,"column":37}}},"2":{"name":"(anonymous_2)","line":25,"loc":{"start":{"line":25,"column":26},"end":{"line":25,"column":41}}},"3":{"name":"(anonymous_3)","line":28,"loc":{"start":{"line":28,"column":26},"end":{"line":28,"column":41}}},"4":{"name":"(anonymous_4)","line":29,"loc":{"start":{"line":29,"column":25},"end":{"line":29,"column":36}}},"5":{"name":"(anonymous_5)","line":37,"loc":{"start":{"line":37,"column":19},"end":{"line":37,"column":56}}},"6":{"name":"(anonymous_6)","line":63,"loc":{"start":{"line":63,"column":33},"end":{"line":63,"column":50}}}},"statementMap":{"1":{"start":{"line":3,"column":0},"end":{"line":3,"column":43}},"2":{"start":{"line":4,"column":0},"end":{"line":4,"column":37}},"3":{"start":{"line":5,"column":0},"end":{"line":5,"column":27}},"4":{"start":{"line":6,"column":0},"end":{"line":6,"column":21}},"5":{"start":{"line":7,"column":0},"end":{"line":7,"column":27}},"6":{"start":{"line":12,"column":0},"end":{"line":32,"column":2}},"7":{"start":{"line":13,"column":2},"end":{"line":13,"column":27}},"8":{"start":{"line":15,"column":2},"end":{"line":15,"column":38}},"9":{"start":{"line":16,"column":2},"end":{"line":16,"column":69}},"10":{"start":{"line":18,"column":2},"end":{"line":21,"column":23}},"11":{"start":{"line":23,"column":2},"end":{"line":23,"column":18}},"12":{"start":{"line":25,"column":2},"end":{"line":27,"column":5}},"13":{"start":{"line":26,"column":4},"end":{"line":26,"column":19}},"14":{"start":{"line":28,"column":2},"end":{"line":28,"column":62}},"15":{"start":{"line":28,"column":43},"end":{"line":28,"column":58}},"16":{"start":{"line":29,"column":2},"end":{"line":29,"column":67}},"17":{"start":{"line":29,"column":38},"end":{"line":29,"column":63}},"18":{"start":{"line":31,"column":2},"end":{"line":31,"column":26}},"19":{"start":{"line":37,"column":0},"end":{"line":66,"column":2}},"20":{"start":{"line":38,"column":2},"end":{"line":38,"column":32}},"21":{"start":{"line":39,"column":2},"end":{"line":39,"column":54}},"22":{"start":{"line":42,"column":2},"end":{"line":42,"column":109}},"23":{"start":{"line":44,"column":2},"end":{"line":49,"column":17}},"24":{"start":{"line":52,"column":2},"end":{"line":54,"column":3}},"25":{"start":{"line":53,"column":4},"end":{"line":53,"column":65}},"26":{"start":{"line":56,"column":2},"end":{"line":61,"column":4}},"27":{"start":{"line":62,"column":2},"end":{"line":62,"column":49}},"28":{"start":{"line":63,"column":2},"end":{"line":65,"column":5}},"29":{"start":{"line":64,"column":4},"end":{"line":64,"column":33}},"30":{"start":{"line":68,"column":0},"end":{"line":68,"column":30}}},"branchMap":{"1":{"line":18,"type":"cond-expr","locations":[{"start":{"line":20,"column":6},"end":{"line":20,"column":97}},{"start":{"line":21,"column":6},"end":{"line":21,"column":22}}]},"2":{"line":38,"type":"binary-expr","locations":[{"start":{"line":38,"column":15},"end":{"line":38,"column":25}},{"start":{"line":38,"column":29},"end":{"line":38,"column":31}}]},"3":{"line":39,"type":"cond-expr","locations":[{"start":{"line":39,"column":31},"end":{"line":39,"column":35}},{"start":{"line":39,"column":38},"end":{"line":39,"column":53}}]},"4":{"line":42,"type":"binary-expr","locations":[{"start":{"line":42,"column":16},"end":{"line":42,"column":34}},{"start":{"line":42,"column":38},"end":{"line":42,"column":108}}]},"5":{"line":52,"type":"if","locations":[{"start":{"line":52,"column":2},"end":{"line":52,"column":2}},{"start":{"line":52,"column":2},"end":{"line":52,"column":2}}]},"6":{"line":52,"type":"binary-expr","locations":[{"start":{"line":52,"column":6},"end":{"line":52,"column":25}},{"start":{"line":52,"column":29},"end":{"line":52,"column":67}}]},"7":{"line":64,"type":"binary-expr","locations":[{"start":{"line":64,"column":4},"end":{"line":64,"column":12}},{"start":{"line":64,"column":16},"end":{"line":64,"column":32}}]}},"code":["'use strict';","","var spawn = require('child_process').spawn;","var extend = require('util')._extend;","var path = require('path');","var Q = require('q');","var util = require(\"util\");","","/**"," * execute shell command"," */","var runCommand = function(cmd, args) {","  var deferred = Q.defer();","","  console.log(\"cwd is: \" + __dirname);","  console.log(\"angularJsdoc Running command\\n\", cmd, args.join(\" \"));","","  var child = (process.platform === \"win32\")","    // For windows need to spawn a \"cmd\" instance and pass the command to it","    ? spawn(\"cmd\", [\"/C\", cmd + \" \" + args.join(\" \")], { cwd: process.env.PWD, env: process.env})","    : spawn(cmd, args);","","  var result = \"\";","","  child.stdout.on(\"data\", function(data) {","    result += data;","  });","  child.stderr.on(\"data\", function(data) { result += data; });","  child.stdout.on(\"end\", function() { deferred.resolve(result); });","","  return deferred.promise;","};","","/**"," * main function"," */","var angularJsdoc = function(dirs, optionsArg, callback) {","  optionsArg = optionsArg || {};","  dirs = Array.isArray(dirs) ? dirs : dirs.split(\" \");","","  //default values","  var command = optionsArg.command || util.format(\"node %s\", path.join(\"node_modules\", \"jsdoc\", \"jsdoc.js\"));","","  var options = extend({","    configure: path.join(__dirname, \"common\", \"conf.json\"),","    template: path.join(__dirname, \"default\"),","    destination: \"docs\",","    readme: 'README.md'","  }, optionsArg);","","  // if given template a single word including dash","  if (optionsArg.template && optionsArg.template.match(/^[\\w-]+$/i)) {","    options.template = path.join(__dirname, optionsArg.template);","  };","","  var args = [","    '--configure', options.configure,","    '--template', options.template,","    '--destination', options.destination,","    '--readme', options.readme","  ];","  args = args.concat(['--recurse']).concat(dirs);","  runCommand(command, args).then(function(output) {","    callback && callback(output);","  });","};","","module.exports = angularJsdoc;","",""],"l":{"3":1,"4":1,"5":1,"6":1,"7":1,"12":1,"13":0,"15":0,"16":0,"18":0,"23":0,"25":0,"26":0,"28":0,"29":0,"31":0,"37":1,"38":0,"39":0,"42":0,"44":0,"52":0,"53":0,"56":0,"62":0,"63":0,"64":0,"68":1}},"/home/travis/build/npmtest/node-npmtest-angular-jsdoc/node_modules/angular-jsdoc/gulpfile.js":{"path":"/home/travis/build/npmtest/node-npmtest-angular-jsdoc/node_modules/angular-jsdoc/gulpfile.js","s":{"1":2,"2":0,"3":0,"4":0,"5":0,"6":0,"7":0,"8":0,"9":0,"10":0,"11":0,"12":0,"13":0,"14":0,"15":0,"16":0,"17":0,"18":0,"19":0,"20":0,"21":0},"b":{"1":[0,0],"2":[0,0]},"f":{"1":0,"2":0,"3":0,"4":0,"5":0,"6":0,"7":0,"8":0},"fnMap":{"1":{"name":"(anonymous_1)","line":6,"loc":{"start":{"line":6,"column":18},"end":{"line":6,"column":33}}},"2":{"name":"(anonymous_2)","line":12,"loc":{"start":{"line":12,"column":14},"end":{"line":12,"column":32}}},"3":{"name":"(anonymous_3)","line":14,"loc":{"start":{"line":14,"column":18},"end":{"line":14,"column":29}}},"4":{"name":"(anonymous_4)","line":21,"loc":{"start":{"line":21,"column":18},"end":{"line":21,"column":29}}},"5":{"name":"(anonymous_5)","line":28,"loc":{"start":{"line":28,"column":24},"end":{"line":28,"column":35}}},"6":{"name":"(anonymous_6)","line":29,"loc":{"start":{"line":29,"column":24},"end":{"line":29,"column":35}}},"7":{"name":"(anonymous_7)","line":30,"loc":{"start":{"line":30,"column":24},"end":{"line":30,"column":35}}},"8":{"name":"(anonymous_8)","line":31,"loc":{"start":{"line":31,"column":24},"end":{"line":31,"column":35}}}},"statementMap":{"1":{"start":{"line":1,"column":0},"end":{"line":1,"column":27}},"2":{"start":{"line":2,"column":0},"end":{"line":2,"column":32}},"3":{"start":{"line":3,"column":0},"end":{"line":3,"column":34}},"4":{"start":{"line":4,"column":0},"end":{"line":4,"column":30}},"5":{"start":{"line":5,"column":0},"end":{"line":5,"column":33}},"6":{"start":{"line":6,"column":0},"end":{"line":26,"column":2}},"7":{"start":{"line":7,"column":2},"end":{"line":7,"column":25}},"8":{"start":{"line":8,"column":2},"end":{"line":8,"column":19}},"9":{"start":{"line":9,"column":2},"end":{"line":24,"column":7}},"10":{"start":{"line":13,"column":6},"end":{"line":13,"column":61}},"11":{"start":{"line":15,"column":6},"end":{"line":15,"column":31}},"12":{"start":{"line":16,"column":6},"end":{"line":23,"column":12}},"13":{"start":{"line":22,"column":10},"end":{"line":22,"column":120}},"14":{"start":{"line":28,"column":0},"end":{"line":28,"column":62}},"15":{"start":{"line":28,"column":37},"end":{"line":28,"column":58}},"16":{"start":{"line":29,"column":0},"end":{"line":29,"column":62}},"17":{"start":{"line":29,"column":37},"end":{"line":29,"column":58}},"18":{"start":{"line":30,"column":0},"end":{"line":30,"column":62}},"19":{"start":{"line":30,"column":37},"end":{"line":30,"column":58}},"20":{"start":{"line":31,"column":0},"end":{"line":31,"column":62}},"21":{"start":{"line":31,"column":37},"end":{"line":31,"column":58}}},"branchMap":{"1":{"line":7,"type":"binary-expr","locations":[{"start":{"line":7,"column":9},"end":{"line":7,"column":13}},{"start":{"line":7,"column":17},"end":{"line":7,"column":24}}]},"2":{"line":19,"type":"cond-expr","locations":[{"start":{"line":19,"column":29},"end":{"line":19,"column":104}},{"start":{"line":19,"column":107},"end":{"line":19,"column":113}}]}},"code":["var gulp = require('gulp');","var bump = require('gulp-bump');","var shell = require('gulp-shell');","var tap = require('gulp-tap');","var gutil = require('gulp-util');","var bumpVersion = function(type) {","  type = type || 'patch';","  var version = '';","  gulp.src(['./bower.json', './package.json'])","    .pipe(bump({type: type}))","    .pipe(gulp.dest('./'))","    .pipe(tap(function(file, t) {","      version = JSON.parse(file.contents.toString()).version;","    })).on('end', function() {","      var color = gutil.colors;","      gulp.src('')","        .pipe(shell([","          'git commit --all --message \"Version ' + version + '\"',","          (type != 'patch' ? 'git tag --annotate \"v' + version + '\" --message \"Version ' + version + '\"' : 'true')","        ], {ignoreErrors: false}))","        .pipe(tap(function() {","          gutil.log(color.green(\"Version bumped to \") + color.yellow(version) + color.green(\", don't forget to push!\"));","        }));","    });","","};","","gulp.task('bump',       function() { bumpVersion('patch'); });","gulp.task('bump:patch', function() { bumpVersion('patch'); });","gulp.task('bump:minor', function() { bumpVersion('minor'); });","gulp.task('bump:major', function() { bumpVersion('major'); });",""],"l":{"1":2,"2":0,"3":0,"4":0,"5":0,"6":0,"7":0,"8":0,"9":0,"13":0,"15":0,"16":0,"22":0,"28":0,"29":0,"30":0,"31":0}},"/home/travis/build/npmtest/node-npmtest-angular-jsdoc/node_modules/angular-jsdoc/angular-template/publish.js":{"path":"/home/travis/build/npmtest/node-npmtest-angular-jsdoc/node_modules/angular-jsdoc/angular-template/publish.js","s":{"1":2,"2":0,"3":0,"4":0,"5":0,"6":0,"7":0,"8":0,"9":0,"10":0,"11":0,"12":0,"13":0,"14":0,"15":0,"16":0,"17":0,"18":0,"19":0,"20":0,"21":0,"22":0,"23":0,"24":0,"25":0,"26":0,"27":0,"28":0,"29":0,"30":0,"31":0,"32":0,"33":0,"34":0,"35":0,"36":0,"37":0,"38":0,"39":0,"40":0,"41":0,"42":0,"43":0,"44":0,"45":0,"46":0,"47":0,"48":0,"49":0,"50":0,"51":0,"52":0,"53":0,"54":0,"55":0,"56":0,"57":0,"58":0,"59":0,"60":0,"61":0,"62":0,"63":0,"64":0,"65":0,"66":0,"67":0,"68":0,"69":0,"70":0,"71":0,"72":0,"73":0,"74":0,"75":0,"76":0,"77":0,"78":0,"79":0,"80":0,"81":0,"82":0,"83":0,"84":0,"85":0,"86":0,"87":0,"88":0,"89":0,"90":0,"91":0,"92":0,"93":0,"94":0,"95":0,"96":0,"97":0,"98":0,"99":0,"100":0,"101":0,"102":0,"103":0,"104":0,"105":0,"106":0,"107":0,"108":0,"109":0,"110":0,"111":0,"112":0,"113":0,"114":0,"115":0,"116":0,"117":0,"118":0,"119":0,"120":0,"121":0,"122":0,"123":0,"124":0,"125":0,"126":0,"127":0,"128":0,"129":0,"130":0,"131":0,"132":0,"133":0,"134":0,"135":0,"136":0,"137":0,"138":0,"139":0,"140":0,"141":0,"142":0,"143":0,"144":0,"145":0,"146":0,"147":0,"148":0,"149":0,"150":0,"151":0,"152":0,"153":0,"154":0,"155":0,"156":0,"157":0,"158":0,"159":0,"160":0},"b":{"1":[0,0],"2":[0,0],"3":[0,0],"4":[0,0],"5":[0,0],"6":[0,0],"7":[0,0],"8":[0,0],"9":[0,0],"10":[0,0],"11":[0,0],"12":[0,0],"13":[0,0],"14":[0,0],"15":[0,0],"16":[0,0],"17":[0,0],"18":[0,0],"19":[0,0],"20":[0,0],"21":[0,0],"22":[0,0],"23":[0,0],"24":[0,0],"25":[0,0],"26":[0,0,0],"27":[0,0],"28":[0,0],"29":[0,0],"30":[0,0],"31":[0,0],"32":[0,0],"33":[0,0]},"f":{"1":0,"2":0,"3":0,"4":0,"5":0,"6":0,"7":0,"8":0,"9":0,"10":0,"11":0,"12":0,"13":0,"14":0,"15":0,"16":0,"17":0,"18":0,"19":0,"20":0,"21":0,"22":0,"23":0,"24":0,"25":0,"26":0},"fnMap":{"1":{"name":"(anonymous_1)","line":16,"loc":{"start":{"line":16,"column":24},"end":{"line":16,"column":41}}},"2":{"name":"(anonymous_2)","line":17,"loc":{"start":{"line":17,"column":43},"end":{"line":17,"column":61}}},"3":{"name":"(anonymous_3)","line":35,"loc":{"start":{"line":35,"column":17},"end":{"line":35,"column":39}}},"4":{"name":"(anonymous_4)","line":44,"loc":{"start":{"line":44,"column":18},"end":{"line":44,"column":41}}},"5":{"name":"(anonymous_5)","line":48,"loc":{"start":{"line":48,"column":18},"end":{"line":48,"column":35}}},"6":{"name":"(anonymous_6)","line":55,"loc":{"start":{"line":55,"column":17},"end":{"line":55,"column":40}}},"7":{"name":"(anonymous_7)","line":65,"loc":{"start":{"line":65,"column":15},"end":{"line":65,"column":40}}},"8":{"name":"(anonymous_8)","line":77,"loc":{"start":{"line":77,"column":22},"end":{"line":77,"column":33}}},"9":{"name":"(anonymous_9)","line":78,"loc":{"start":{"line":78,"column":24},"end":{"line":78,"column":42}}},"10":{"name":"(anonymous_10)","line":82,"loc":{"start":{"line":82,"column":24},"end":{"line":82,"column":43}}},"11":{"name":"(anonymous_11)","line":90,"loc":{"start":{"line":90,"column":26},"end":{"line":90,"column":53}}},"12":{"name":"(anonymous_12)","line":113,"loc":{"start":{"line":113,"column":28},"end":{"line":113,"column":57}}},"13":{"name":"(anonymous_13)","line":138,"loc":{"start":{"line":138,"column":30},"end":{"line":138,"column":50}}},"14":{"name":"(anonymous_14)","line":141,"loc":{"start":{"line":141,"column":21},"end":{"line":141,"column":34}}},"15":{"name":"(anonymous_15)","line":157,"loc":{"start":{"line":157,"column":27},"end":{"line":157,"column":63}}},"16":{"name":"(anonymous_16)","line":167,"loc":{"start":{"line":167,"column":21},"end":{"line":167,"column":41}}},"17":{"name":"(anonymous_17)","line":183,"loc":{"start":{"line":183,"column":28},"end":{"line":183,"column":43}}},"18":{"name":"(anonymous_18)","line":186,"loc":{"start":{"line":186,"column":24},"end":{"line":186,"column":40}}},"19":{"name":"(anonymous_19)","line":201,"loc":{"start":{"line":201,"column":18},"end":{"line":201,"column":50}}},"20":{"name":"(anonymous_20)","line":211,"loc":{"start":{"line":211,"column":18},"end":{"line":211,"column":35}}},"21":{"name":"(anonymous_21)","line":244,"loc":{"start":{"line":244,"column":14},"end":{"line":244,"column":30}}},"22":{"name":"(anonymous_22)","line":257,"loc":{"start":{"line":257,"column":14},"end":{"line":257,"column":31}}},"23":{"name":"(anonymous_23)","line":261,"loc":{"start":{"line":261,"column":26},"end":{"line":261,"column":46}}},"24":{"name":"(anonymous_24)","line":280,"loc":{"start":{"line":280,"column":25},"end":{"line":280,"column":46}}},"25":{"name":"(anonymous_25)","line":291,"loc":{"start":{"line":291,"column":18},"end":{"line":291,"column":35}}},"26":{"name":"(anonymous_26)","line":311,"loc":{"start":{"line":311,"column":18},"end":{"line":311,"column":35}}}},"statementMap":{"1":{"start":{"line":4,"column":0},"end":{"line":4,"column":29}},"2":{"start":{"line":5,"column":0},"end":{"line":5,"column":33}},"3":{"start":{"line":6,"column":0},"end":{"line":6,"column":50}},"4":{"start":{"line":7,"column":0},"end":{"line":7,"column":31}},"5":{"start":{"line":8,"column":0},"end":{"line":8,"column":50}},"6":{"start":{"line":10,"column":0},"end":{"line":10,"column":17}},"7":{"start":{"line":11,"column":0},"end":{"line":11,"column":34}},"8":{"start":{"line":12,"column":0},"end":{"line":12,"column":64}},"9":{"start":{"line":13,"column":0},"end":{"line":13,"column":64}},"10":{"start":{"line":14,"column":0},"end":{"line":14,"column":38}},"11":{"start":{"line":16,"column":0},"end":{"line":31,"column":2}},"12":{"start":{"line":17,"column":2},"end":{"line":29,"column":5}},"13":{"start":{"line":18,"column":4},"end":{"line":18,"column":22}},"14":{"start":{"line":20,"column":4},"end":{"line":23,"column":5}},"15":{"start":{"line":21,"column":6},"end":{"line":21,"column":26}},"16":{"start":{"line":22,"column":6},"end":{"line":22,"column":24}},"17":{"start":{"line":25,"column":4},"end":{"line":28,"column":6}},"18":{"start":{"line":30,"column":2},"end":{"line":30,"column":18}},"19":{"start":{"line":33,"column":0},"end":{"line":33,"column":21}},"20":{"start":{"line":35,"column":0},"end":{"line":41,"column":1}},"21":{"start":{"line":36,"column":4},"end":{"line":36,"column":47}},"22":{"start":{"line":37,"column":4},"end":{"line":39,"column":5}},"23":{"start":{"line":38,"column":8},"end":{"line":38,"column":44}},"24":{"start":{"line":40,"column":4},"end":{"line":40,"column":25}},"25":{"start":{"line":44,"column":0},"end":{"line":53,"column":2}},"26":{"start":{"line":46,"column":2},"end":{"line":46,"column":42}},"27":{"start":{"line":47,"column":2},"end":{"line":47,"column":20}},"28":{"start":{"line":48,"column":2},"end":{"line":51,"column":5}},"29":{"start":{"line":49,"column":4},"end":{"line":49,"column":56}},"30":{"start":{"line":50,"column":4},"end":{"line":50,"column":39}},"31":{"start":{"line":52,"column":2},"end":{"line":52,"column":18}},"32":{"start":{"line":55,"column":0},"end":{"line":63,"column":2}},"33":{"start":{"line":56,"column":2},"end":{"line":62,"column":3}},"34":{"start":{"line":57,"column":4},"end":{"line":57,"column":16}},"35":{"start":{"line":59,"column":4},"end":{"line":59,"column":40}},"36":{"start":{"line":60,"column":4},"end":{"line":60,"column":39}},"37":{"start":{"line":61,"column":4},"end":{"line":61,"column":52}},"38":{"start":{"line":65,"column":0},"end":{"line":74,"column":2}},"39":{"start":{"line":66,"column":2},"end":{"line":66,"column":25}},"40":{"start":{"line":67,"column":2},"end":{"line":67,"column":51}},"41":{"start":{"line":68,"column":2},"end":{"line":68,"column":28}},"42":{"start":{"line":69,"column":2},"end":{"line":69,"column":23}},"43":{"start":{"line":71,"column":2},"end":{"line":71,"column":66}},"44":{"start":{"line":72,"column":2},"end":{"line":72,"column":63}},"45":{"start":{"line":73,"column":2},"end":{"line":73,"column":43}},"46":{"start":{"line":77,"column":0},"end":{"line":88,"column":2}},"47":{"start":{"line":78,"column":2},"end":{"line":87,"column":5}},"48":{"start":{"line":79,"column":4},"end":{"line":79,"column":51}},"49":{"start":{"line":80,"column":4},"end":{"line":80,"column":40}},"50":{"start":{"line":82,"column":4},"end":{"line":86,"column":7}},"51":{"start":{"line":83,"column":6},"end":{"line":83,"column":84}},"52":{"start":{"line":84,"column":6},"end":{"line":84,"column":23}},"53":{"start":{"line":85,"column":6},"end":{"line":85,"column":39}},"54":{"start":{"line":90,"column":0},"end":{"line":111,"column":2}},"55":{"start":{"line":91,"column":2},"end":{"line":91,"column":41}},"56":{"start":{"line":92,"column":2},"end":{"line":92,"column":66}},"57":{"start":{"line":94,"column":2},"end":{"line":110,"column":3}},"58":{"start":{"line":95,"column":4},"end":{"line":95,"column":30}},"59":{"start":{"line":96,"column":4},"end":{"line":96,"column":89}},"60":{"start":{"line":97,"column":4},"end":{"line":97,"column":70}},"61":{"start":{"line":98,"column":4},"end":{"line":107,"column":6}},"62":{"start":{"line":108,"column":4},"end":{"line":108,"column":49}},"63":{"start":{"line":109,"column":4},"end":{"line":109,"column":47}},"64":{"start":{"line":113,"column":0},"end":{"line":136,"column":2}},"65":{"start":{"line":114,"column":2},"end":{"line":114,"column":44}},"66":{"start":{"line":116,"column":2},"end":{"line":135,"column":3}},"67":{"start":{"line":117,"column":4},"end":{"line":117,"column":32}},"68":{"start":{"line":118,"column":4},"end":{"line":134,"column":5}},"69":{"start":{"line":119,"column":6},"end":{"line":119,"column":73}},"70":{"start":{"line":120,"column":6},"end":{"line":120,"column":69}},"71":{"start":{"line":121,"column":6},"end":{"line":129,"column":8}},"72":{"start":{"line":131,"column":6},"end":{"line":131,"column":70}},"73":{"start":{"line":132,"column":6},"end":{"line":132,"column":51}},"74":{"start":{"line":133,"column":6},"end":{"line":133,"column":49}},"75":{"start":{"line":138,"column":0},"end":{"line":155,"column":2}},"76":{"start":{"line":139,"column":2},"end":{"line":139,"column":39}},"77":{"start":{"line":141,"column":2},"end":{"line":154,"column":5}},"78":{"start":{"line":142,"column":4},"end":{"line":142,"column":51}},"79":{"start":{"line":143,"column":4},"end":{"line":143,"column":58}},"80":{"start":{"line":144,"column":4},"end":{"line":149,"column":6}},"81":{"start":{"line":151,"column":4},"end":{"line":151,"column":68}},"82":{"start":{"line":152,"column":4},"end":{"line":152,"column":57}},"83":{"start":{"line":153,"column":4},"end":{"line":153,"column":47}},"84":{"start":{"line":157,"column":0},"end":{"line":181,"column":2}},"85":{"start":{"line":158,"column":2},"end":{"line":158,"column":68}},"86":{"start":{"line":159,"column":2},"end":{"line":164,"column":4}},"87":{"start":{"line":166,"column":2},"end":{"line":166,"column":49}},"88":{"start":{"line":167,"column":2},"end":{"line":170,"column":4}},"89":{"start":{"line":168,"column":4},"end":{"line":169,"column":66}},"90":{"start":{"line":172,"column":2},"end":{"line":176,"column":5}},"91":{"start":{"line":179,"column":2},"end":{"line":179,"column":35}},"92":{"start":{"line":180,"column":2},"end":{"line":180,"column":47}},"93":{"start":{"line":183,"column":0},"end":{"line":195,"column":2}},"94":{"start":{"line":184,"column":2},"end":{"line":184,"column":44}},"95":{"start":{"line":186,"column":2},"end":{"line":194,"column":5}},"96":{"start":{"line":187,"column":4},"end":{"line":191,"column":8}},"97":{"start":{"line":193,"column":4},"end":{"line":193,"column":33}},"98":{"start":{"line":201,"column":0},"end":{"line":330,"column":2}},"99":{"start":{"line":202,"column":2},"end":{"line":202,"column":33}},"100":{"start":{"line":204,"column":2},"end":{"line":204,"column":40}},"101":{"start":{"line":206,"column":2},"end":{"line":206,"column":31}},"102":{"start":{"line":208,"column":2},"end":{"line":208,"column":52}},"103":{"start":{"line":209,"column":2},"end":{"line":209,"column":43}},"104":{"start":{"line":211,"column":2},"end":{"line":242,"column":5}},"105":{"start":{"line":213,"column":4},"end":{"line":220,"column":5}},"106":{"start":{"line":214,"column":6},"end":{"line":219,"column":8}},"107":{"start":{"line":222,"column":4},"end":{"line":241,"column":5}},"108":{"start":{"line":223,"column":6},"end":{"line":224,"column":67}},"109":{"start":{"line":225,"column":6},"end":{"line":225,"column":58}},"110":{"start":{"line":226,"column":6},"end":{"line":226,"column":46}},"111":{"start":{"line":227,"column":6},"end":{"line":240,"column":7}},"112":{"start":{"line":228,"column":8},"end":{"line":228,"column":62}},"113":{"start":{"line":229,"column":8},"end":{"line":229,"column":39}},"114":{"start":{"line":230,"column":8},"end":{"line":236,"column":10}},"115":{"start":{"line":237,"column":8},"end":{"line":237,"column":43}},"116":{"start":{"line":238,"column":8},"end":{"line":238,"column":77}},"117":{"start":{"line":239,"column":8},"end":{"line":239,"column":50}},"118":{"start":{"line":244,"column":2},"end":{"line":255,"column":5}},"119":{"start":{"line":245,"column":4},"end":{"line":247,"column":5}},"120":{"start":{"line":246,"column":6},"end":{"line":246,"column":13}},"121":{"start":{"line":249,"column":4},"end":{"line":249,"column":45}},"122":{"start":{"line":250,"column":4},"end":{"line":254,"column":5}},"123":{"start":{"line":251,"column":8},"end":{"line":251,"column":48}},"124":{"start":{"line":253,"column":8},"end":{"line":253,"column":27}},"125":{"start":{"line":257,"column":2},"end":{"line":284,"column":5}},"126":{"start":{"line":258,"column":4},"end":{"line":258,"column":48}},"127":{"start":{"line":259,"column":4},"end":{"line":259,"column":48}},"128":{"start":{"line":260,"column":4},"end":{"line":260,"column":48}},"129":{"start":{"line":261,"column":4},"end":{"line":264,"column":6}},"130":{"start":{"line":262,"column":6},"end":{"line":263,"column":68}},"131":{"start":{"line":266,"column":4},"end":{"line":277,"column":5}},"132":{"start":{"line":267,"column":6},"end":{"line":276,"column":7}},"133":{"start":{"line":268,"column":8},"end":{"line":270,"column":42}},"134":{"start":{"line":271,"column":13},"end":{"line":276,"column":7}},"135":{"start":{"line":273,"column":8},"end":{"line":275,"column":42}},"136":{"start":{"line":279,"column":4},"end":{"line":283,"column":5}},"137":{"start":{"line":280,"column":6},"end":{"line":282,"column":9}},"138":{"start":{"line":281,"column":8},"end":{"line":281,"column":52}},"139":{"start":{"line":287,"column":2},"end":{"line":290,"column":4}},"140":{"start":{"line":291,"column":2},"end":{"line":297,"column":5}},"141":{"start":{"line":292,"column":4},"end":{"line":292,"column":54}},"142":{"start":{"line":293,"column":4},"end":{"line":293,"column":44}},"143":{"start":{"line":294,"column":4},"end":{"line":294,"column":50}},"144":{"start":{"line":295,"column":4},"end":{"line":295,"column":64}},"145":{"start":{"line":296,"column":4},"end":{"line":296,"column":73}},"146":{"start":{"line":300,"column":2},"end":{"line":300,"column":20}},"147":{"start":{"line":302,"column":2},"end":{"line":302,"column":40}},"148":{"start":{"line":304,"column":2},"end":{"line":304,"column":41}},"149":{"start":{"line":306,"column":2},"end":{"line":306,"column":35}},"150":{"start":{"line":308,"column":2},"end":{"line":308,"column":44}},"151":{"start":{"line":311,"column":2},"end":{"line":316,"column":5}},"152":{"start":{"line":312,"column":4},"end":{"line":312,"column":75}},"153":{"start":{"line":313,"column":4},"end":{"line":313,"column":50}},"154":{"start":{"line":314,"column":4},"end":{"line":314,"column":21}},"155":{"start":{"line":315,"column":4},"end":{"line":315,"column":33}},"156":{"start":{"line":319,"column":2},"end":{"line":329,"column":3}},"157":{"start":{"line":320,"column":4},"end":{"line":320,"column":68}},"158":{"start":{"line":321,"column":4},"end":{"line":326,"column":6}},"159":{"start":{"line":327,"column":4},"end":{"line":327,"column":71}},"160":{"start":{"line":328,"column":4},"end":{"line":328,"column":68}}},"branchMap":{"1":{"line":12,"type":"binary-expr","locations":[{"start":{"line":12,"column":24},"end":{"line":12,"column":38}},{"start":{"line":12,"column":42},"end":{"line":12,"column":63}}]},"2":{"line":13,"type":"binary-expr","locations":[{"start":{"line":13,"column":15},"end":{"line":13,"column":29}},{"start":{"line":13,"column":33},"end":{"line":13,"column":63}}]},"3":{"line":14,"type":"binary-expr","locations":[{"start":{"line":14,"column":13},"end":{"line":14,"column":31}},{"start":{"line":14,"column":35},"end":{"line":14,"column":37}}]},"4":{"line":17,"type":"binary-expr","locations":[{"start":{"line":17,"column":18},"end":{"line":17,"column":33}},{"start":{"line":17,"column":35},"end":{"line":17,"column":37}}]},"5":{"line":20,"type":"if","locations":[{"start":{"line":20,"column":4},"end":{"line":20,"column":4}},{"start":{"line":20,"column":4},"end":{"line":20,"column":4}}]},"6":{"line":26,"type":"binary-expr","locations":[{"start":{"line":26,"column":15},"end":{"line":26,"column":22}},{"start":{"line":26,"column":26},"end":{"line":26,"column":28}}]},"7":{"line":27,"type":"binary-expr","locations":[{"start":{"line":27,"column":13},"end":{"line":27,"column":17}},{"start":{"line":27,"column":21},"end":{"line":27,"column":28}}]},"8":{"line":37,"type":"if","locations":[{"start":{"line":37,"column":4},"end":{"line":37,"column":4}},{"start":{"line":37,"column":4},"end":{"line":37,"column":4}}]},"9":{"line":37,"type":"binary-expr","locations":[{"start":{"line":37,"column":8},"end":{"line":37,"column":38}},{"start":{"line":37,"column":42},"end":{"line":37,"column":65}}]},"10":{"line":40,"type":"binary-expr","locations":[{"start":{"line":40,"column":11},"end":{"line":40,"column":18}},{"start":{"line":40,"column":22},"end":{"line":40,"column":24}}]},"11":{"line":49,"type":"binary-expr","locations":[{"start":{"line":49,"column":28},"end":{"line":49,"column":49}},{"start":{"line":49,"column":53},"end":{"line":49,"column":55}}]},"12":{"line":56,"type":"if","locations":[{"start":{"line":56,"column":2},"end":{"line":56,"column":2}},{"start":{"line":56,"column":2},"end":{"line":56,"column":2}}]},"13":{"line":118,"type":"if","locations":[{"start":{"line":118,"column":4},"end":{"line":118,"column":4}},{"start":{"line":118,"column":4},"end":{"line":118,"column":4}}]},"14":{"line":141,"type":"binary-expr","locations":[{"start":{"line":141,"column":3},"end":{"line":141,"column":7}},{"start":{"line":141,"column":9},"end":{"line":141,"column":11}}]},"15":{"line":213,"type":"if","locations":[{"start":{"line":213,"column":4},"end":{"line":213,"column":4}},{"start":{"line":213,"column":4},"end":{"line":213,"column":4}}]},"16":
[...]
722":0,"723":0,"724":0,"725":0,"727":0,"728":0,"729":0,"730":0,"731":0,"732":0,"736":0,"737":0,"741":0,"742":0,"743":0,"744":0,"747":0,"750":0,"751":0,"753":0,"754":0,"756":0,"757":0,"758":0,"759":0,"763":0,"764":0,"766":0,"768":0,"773":0,"779":0,"785":0,"787":0,"805":1,"806":0,"807":0,"809":0,"812":0,"814":0,"819":0,"824":0,"826":0,"829":0,"830":0,"831":0,"832":0,"833":0,"837":0,"842":0,"847":0,"850":0,"851":0,"852":0,"855":0,"856":0,"860":0,"866":0,"870":0,"884":0,"890":0,"891":0,"892":0,"895":0,"896":0,"897":0,"903":0,"905":0,"942":0,"943":0,"946":0,"969":0,"972":0,"991":1,"992":0,"993":0,"995":0,"997":0,"998":0,"999":0,"1003":0,"1005":1,"1006":0,"1007":0,"1008":0,"1009":0,"1011":0,"1012":0,"1015":0,"1016":0,"1019":0,"1020":0,"1021":0,"1022":0,"1023":0,"1024":0,"1025":0,"1026":0,"1027":0,"1028":0,"1031":0,"1032":0,"1034":0,"1041":1,"1045":0,"1046":0,"1047":0,"1050":1,"1052":0,"1053":0,"1054":0,"1059":0,"1062":0,"1063":0,"1064":0,"1065":0,"1066":0,"1069":0,"1072":0,"1075":0,"1078":0,"1081":0,"1085":0,"1088":0,"1092":0,"1093":0,"1096":0,"1097":0,"1098":0,"1099":0,"1100":0,"1104":0,"1105":0,"1106":0,"1108":0,"1111":0,"1127":1,"1128":0,"1129":0,"1130":0,"1132":0,"1133":0,"1135":0,"1137":0,"1138":0,"1140":0,"1142":0,"1143":0,"1146":0,"1149":0,"1150":0,"1151":0,"1152":0,"1153":0,"1154":0,"1156":0,"1159":0,"1162":0,"1163":0,"1165":0,"1166":0,"1167":0,"1168":0,"1170":0,"1171":0,"1172":0,"1175":0,"1177":0,"1178":0,"1179":0,"1180":0,"1181":0,"1183":0,"1184":0,"1185":0,"1186":0,"1187":0,"1189":0,"1191":0,"1193":0,"1194":0,"1195":0,"1203":0,"1204":0,"1206":0,"1207":0,"1208":0,"1209":0,"1210":0,"1211":0,"1212":0,"1213":0,"1214":0,"1217":0,"1221":0,"1223":0,"1224":0,"1226":0,"1227":0,"1231":0,"1232":0,"1238":0,"1255":1,"1256":0,"1257":0,"1258":0,"1259":0,"1260":0,"1261":0,"1265":1,"1266":0,"1269":0,"1273":0,"1275":0,"1276":0,"1295":0,"1314":0,"1316":0,"1322":0,"1325":0,"1332":0,"1336":0,"1341":0,"1347":0,"1353":0,"1359":0,"1364":0,"1372":0,"1377":0,"1380":1,"1381":0,"1383":0,"1385":0,"1387":0,"1388":0,"1389":0,"1390":0,"1393":0,"1397":0,"1399":0,"1400":0,"1413":1,"1414":0,"1422":0,"1423":0,"1424":0,"1425":0,"1428":0,"1434":0,"1435":0,"1447":1,"1448":0,"1449":0,"1450":1,"1452":0,"1453":0,"1454":0,"1455":0,"1456":0,"1459":0,"1461":0,"1462":0,"1463":0,"1468":0,"1469":0,"1471":0,"1472":0,"1473":0,"1474":0,"1475":0,"1476":0,"1477":0,"1479":1,"1480":0,"1483":0,"1484":0,"1488":0,"1490":0,"1491":0,"1494":0,"1495":0,"1499":0,"1501":0,"1502":0,"1503":0,"1505":0,"1506":0,"1511":0,"1512":0,"1519":0,"1520":0,"1521":0,"1522":0,"1524":0,"1525":0,"1528":0,"1531":0,"1541":0,"1542":0,"1543":0,"1545":0,"1546":0,"1548":0,"1551":0,"1554":0,"1555":0,"1556":0,"1558":0,"1559":0,"1560":0,"1568":0,"1574":0,"1575":0,"1576":0,"1577":0,"1583":0,"1586":0,"1592":0,"1596":0,"1598":0,"1599":0,"1600":0,"1604":0,"1611":0,"1650":0,"1651":0,"1652":0}},"/home/travis/build/npmtest/node-npmtest-angular-jsdoc/node_modules/angular-jsdoc/sample-codes/app/config.js":{"path":"/home/travis/build/npmtest/node-npmtest-angular-jsdoc/node_modules/angular-jsdoc/sample-codes/app/config.js","s":{"1":2,"2":2,"3":1,"4":0},"b":{},"f":{"1":2,"2":0},"fnMap":{"1":{"name":"(anonymous_1)","line":1,"loc":{"start":{"line":1,"column":1},"end":{"line":1,"column":13}}},"2":{"name":"stateConfig","line":16,"loc":{"start":{"line":16,"column":4},"end":{"line":16,"column":45}}}},"statementMap":{"1":{"start":{"line":1,"column":0},"end":{"line":19,"column":5}},"2":{"start":{"line":4,"column":4},"end":{"line":6,"column":24}},"3":{"start":{"line":16,"column":4},"end":{"line":18,"column":5}},"4":{"start":{"line":17,"column":8},"end":{"line":17,"column":47}}},"branchMap":{},"code":["(function () {","    'use strict';","","    angular","    .module('app')","    .config(stateConfig)","","   /**","    * Configures ui-router's states.","    * @memberof app","    * @ngdoc config","    * @name config","    * @param {Service} $urlRouterProvider Watches $location and provides interface to default state","    */","","    function stateConfig($urlRouterProvider) {","        $urlRouterProvider.otherwise('/search')","    }","})();",""],"l":{"1":2,"4":2,"16":1,"17":0}},"/home/travis/build/npmtest/node-npmtest-angular-jsdoc/node_modules/angular-jsdoc/sample-codes/app/custom-currency.js":{"path":"/home/travis/build/npmtest/node-npmtest-angular-jsdoc/node_modules/angular-jsdoc/sample-codes/app/custom-currency.js","s":{"1":2,"2":2,"3":0,"4":0,"5":0,"6":0,"7":0,"8":0,"9":0,"10":0,"11":2},"b":{"1":[0,0],"2":[0,0],"3":[0,0],"4":[0,0]},"f":{"1":2,"2":0,"3":0},"fnMap":{"1":{"name":"(anonymous_1)","line":13,"loc":{"start":{"line":13,"column":1},"end":{"line":13,"column":12}}},"2":{"name":"(anonymous_2)","line":15,"loc":{"start":{"line":15,"column":23},"end":{"line":15,"column":39}}},"3":{"name":"(anonymous_3)","line":28,"loc":{"start":{"line":28,"column":11},"end":{"line":28,"column":42}}}},"statementMap":{"1":{"start":{"line":13,"column":0},"end":{"line":51,"column":5}},"2":{"start":{"line":15,"column":2},"end":{"line":48,"column":4}},"3":{"start":{"line":28,"column":4},"end":{"line":47,"column":5}},"4":{"start":{"line":31,"column":6},"end":{"line":46,"column":7}},"5":{"start":{"line":32,"column":8},"end":{"line":32,"column":21}},"6":{"start":{"line":36,"column":8},"end":{"line":36,"column":35}},"7":{"start":{"line":37,"column":8},"end":{"line":37,"column":55}},"8":{"start":{"line":40,"column":8},"end":{"line":44,"column":9}},"9":{"start":{"line":41,"column":10},"end":{"line":41,"column":32}},"10":{"start":{"line":43,"column":10},"end":{"line":43,"column":32}},"11":{"start":{"line":50,"column":2},"end":{"line":50,"column":65}}},"branchMap":{"1":{"line":31,"type":"if","locations":[{"start":{"line":31,"column":6},"end":{"line":31,"column":6}},{"start":{"line":31,"column":6},"end":{"line":31,"column":6}}]},"2":{"line":36,"type":"binary-expr","locations":[{"start":{"line":36,"column":21},"end":{"line":36,"column":27}},{"start":{"line":36,"column":31},"end":{"line":36,"column":34}}]},"3":{"line":37,"type":"cond-expr","locations":[{"start":{"line":37,"column":42},"end":{"line":37,"column":46}},{"start":{"line":37,"column":49},"end":{"line":37,"column":54}}]},"4":{"line":40,"type":"if","locations":[{"start":{"line":40,"column":8},"end":{"line":40,"column":8}},{"start":{"line":40,"column":8},"end":{"line":40,"column":8}}]}},"code":["/**"," * The siteLanguageServices provides information about available languges"," * of a site."," *"," * @memberof app"," * @ngdoc filter"," * @name customCurrency"," * @param {$http} Test"," * @desc"," *  returns custom currency from the given input"," * @tutorial tutorial1"," */","(function() {","  'use strict';","  var customCurrency = function($http) { ","","","    /**","     * @func customCurrencyFilter","     * @memberof customCurrency","     * @desc","     *  . Create the return function and set the required parameter name to **input**","     *  . setup optional parameters for the currency symbol and location (left or right of the amount)","     * @param {Number|String} input","     * @param {String} symbol","     * @param {Boolean} place  true or false","     */","    return function(input, symbol, place) {","","      // Ensure that we are working with a number","      if(isNaN(input)) {","        return input;","      } else {","","        // Check if optional parameters are passed, if not, use the defaults","        var symbol = symbol || '$';","        var place = place === undefined ? true : place;","","        // Perform the operation to set the symbol in the right location","        if( place === true) {","          return symbol + input;","        } else {","          return input + symbol;","        }","","      }","    }","  };","","  angular.module('app').filter('customCurrency', customCurrency);","})();","",""],"l":{"13":2,"15":2,"28":0,"31":0,"32":0,"36":0,"37":0,"40":0,"41":0,"43":0,"50":2}},"/home/travis/build/npmtest/node-npmtest-angular-jsdoc/node_modules/angular-jsdoc/sample-codes/ngmap/attr2-options.js":{"path":"/home/travis/build/npmtest/node-npmtest-angular-jsdoc/node_modules/angular-jsdoc/sample-codes/ngmap/attr2-options.js","s":{"1":2,"2":2,"3":0,"4":0,"5":0,"6":0,"7":0,"8":0,"9":2},"b":{},"f":{"1":2,"2":0,"3":0,"4":0,"5":0,"6":0,"7":0},"fnMap":{"1":{"name":"(anonymous_1)","line":1,"loc":{"start":{"line":1,"column":1},"end":{"line":1,"column":12}}},"2":{"name":"(anonymous_2)","line":15,"loc":{"start":{"line":15,"column":21},"end":{"line":15,"column":80}}},"3":{"name":"(anonymous_3)","line":24,"loc":{"start":{"line":24,"column":24},"end":{"line":24,"column":49}}},"4":{"name":"(anonymous_4)","line":34,"loc":{"start":{"line":34,"column":17},"end":{"line":34,"column":33}}},"5":{"name":"(anonymous_5)","line":53,"loc":{"start":{"line":53,"column":21},"end":{"line":53,"column":44}}},"6":{"name":"(anonymous_6)","line":64,"loc":{"start":{"line":64,"column":20},"end":{"line":64,"column":43}}},"7":{"name":"(anonymous_7)","line":74,"loc":{"start":{"line":74,"column":28},"end":{"line":74,"column":47}}}},"statementMap":{"1":{"start":{"line":1,"column":0},"end":{"line":90,"column":5}},"2":{"start":{"line":15,"column":2},"end":{"line":87,"column":4}},"3":{"start":{"line":24,"column":4},"end":{"line":26,"column":6}},"4":{"start":{"line":34,"column":4},"end":{"line":36,"column":6}},"5":{"start":{"line":53,"column":4},"end":{"line":55,"column":6}},"6":{"start":{"line":64,"column":4},"end":{"line":66,"column":6}},"7":{"start":{"line":74,"column":4},"end":{"line":76,"column":6}},"8":{"start":{"line":78,"column":4},"end":{"line":85,"column":6}},"9":{"start":{"line":89,"column":2},"end":{"line":89,"column":64}}},"branchMap":{},"code":["(function() {","  'use strict';","","  /**","   * @memberof ngmap","   * @ngdoc service","   * @name Attr2Options","   * @param {service} $parse angular html parser","   * @param {service} $timeout angular window.setTimeout service","   * @param {service} NavigatorGeolocation Google NavigatorGeolocation wrapper","   * @param {service} GeoCoder Google GeoCoder wrapper","   * @description ","   *   Converts html attributes to google api v3 object options","   */","  var Attr2Options = function($parse, $timeout, NavigatorGeolocation, GeoCoder) { ","","    /**","     * Convert input to Google Map option input","     * @memberof Attr2Options","     * @param {Objec} input a value to convert","     * @param {Hash} options to convert the input","     * @returns {Hash} attributes","     */","    var toOptionValue = function(input, options) {","      // .. code ..","    };","","    /**","     * filters attributes by skipping angularjs methods $.. $$..","     * @memberof Attr2Options","     * @param {Hash} attrs tag attributes","     * @returns {Hash} filterd attributes","     */","    var filter = function(attrs) {","      // .. code ..","    };","","    /**","     * converts attributes hash to Google Maps API v3 options  ","     * ```","     *  . converts numbers to number   ","     *  . converts class-like string to google maps instance   ","     *    i.e. `LatLng(1,1)` to `new google.maps.LatLng(1,1)`  ","     *  . converts constant-like string to google maps constant    ","     *    i.e. `MapTypeId.HYBRID` to `google.maps.MapTypeId.HYBRID`   ","     *    i.e. `HYBRID\"` to `google.maps.MapTypeId.HYBRID`  ","     * ```","     * @memberof Attr2Options","     * @param {Hash} attrs tag attributes","     * @param {scope} scope angularjs scope","     * @returns {Hash} options converted attributess","     */","    var getOptions = function(attrs, scope) {","      // .. code ..","    };","","    /**","     * converts attributes hash to scope-specific event function ","     * @memberof Attr2Options","     * @param {scope} scope angularjs scope","     * @param {Hash} attrs tag attributes","     * @returns {Hash} events converted events","     */","    var getEvents = function(scope, attrs) {","      // .. code ..","    };","","    /**","     * Return options of Google map control, i.e streetview, pan, etc, not a general control","     * @memberof Attr2Options","     * @param {Hash} filtered filtered tag attributes","     * @returns {Hash} Google Map options","     */","    var getControlOptions = function(filtered) {","      // .. code ..","    };","","    return {","      filter: filter,","      getOptions: getOptions,","      getEvents: getEvents,","      getControlOptions: getControlOptions,","      toOptionValue: toOptionValue,","      orgAttributes: orgAttributes","    }; // return","","  }; ","","  angular.module('ngMap').service('Attr2Options', Attr2Options);","})();",""],"l":{"1":2,"15":2,"24":0,"34":0,"53":0,"64":0,"74":0,"78":0,"89":2}},"/home/travis/build/npmtest/node-npmtest-angular-jsdoc/node_modules/angular-jsdoc/sample-codes/ngmap/map-controller.js":{"path":"/home/travis/build/npmtest/node-npmtest-angular-jsdoc/node_modules/angular-jsdoc/sample-codes/ngmap/map-controller.js","s":{"1":2,"2":2,"3":0,"4":0,"5":0,"6":0,"7":2},"b":{},"f":{"1":2,"2":0,"3":0,"4":0,"5":0},"fnMap":{"1":{"name":"(anonymous_1)","line":1,"loc":{"start":{"line":1,"column":1},"end":{"line":1,"column":12}}},"2":{"name":"(anonymous_2)","line":14,"loc":{"start":{"line":14,"column":22},"end":{"line":14,"column":89}}},"3":{"name":"(anonymous_3)","line":28,"loc":{"start":{"line":28,"column":21},"end":{"line":28,"column":46}}},"4":{"name":"(anonymous_4)","line":39,"loc":{"start":{"line":39,"column":24},"end":{"line":39,"column":49}}},"5":{"name":"(anonymous_5)","line":50,"loc":{"start":{"line":50,"column":26},"end":{"line":50,"column":43}}}},"statementMap":{"1":{"start":{"line":1,"column":0},"end":{"line":57,"column":5}},"2":{"start":{"line":14,"column":2},"end":{"line":54,"column":4}},"3":{"start":{"line":19,"column":4},"end":{"line":19,"column":23}},"4":{"start":{"line":28,"column":4},"end":{"line":30,"column":6}},"5":{"start":{"line":39,"column":4},"end":{"line":41,"column":6}},"6":{"start":{"line":50,"column":4},"end":{"line":52,"column":6}},"7":{"start":{"line":56,"column":2},"end":{"line":56,"column":69}}},"branchMap":{},"code":["(function() {","  'use strict';","","  /**","   * @memberof ngmap","   * @ngdoc controller","   * @name MapController","   * @param $scope {service} controller scope","   * @param $q {service} promise service","   * @param NavigatorGeolocation {service} Google NavigatorGeolocation wrapper","   * @param GeoCoder {service} Google GeoCoder wrapper","   * @param Attr2Options {service} Converts element attributes to Google Maps API options","   */","  var MapController = function($scope, $q, NavigatorGeolocation, GeoCoder, Attr2Options) { ","","    /**","     * @property {Hash} _objects collection og objects that belongs to this map","     */","    this._objects = {};","","    /**","     * Add an object to the collection of group","     * @memberof MapController","     * @function addObject","     * @param groupName the name of collection that object belongs to","     * @param obj  an object to add into a collection, i.e. marker, shape","     */","    this.addObject = function(groupName, obj) {","      // .. code ..","    };","","    /**","     * Delete an object from the collection and remove from map","     * @memberof MapController","     * @function deleteObject","     * @param {Array} objs the collection of objects. i.e., map.markers","     * @param {Object} obj the object to be removed. i.e., marker","     */","    this.deleteObject = function(groupName, obj) {","      // .. code ..","    };","","    /**","     * returns the location of an address or 'current-location'","     * @memberof MapController","     * @function getGeoLocation","     * @param {String} string an address to find the location","     * @returns {Promise} latlng the location of the address","     */","    this.getGeoLocation = function(string) {","      // .. code ..","    };","","  };","","  angular.module('ngMap').controller('MapController', MapController);","})();",""],"l":{"1":2,"14":2,"19":0,"28":0,"39":0,"50":0,"56":2}},"/home/travis/build/npmtest/node-npmtest-angular-jsdoc/node_modules/angular-jsdoc/sample-codes/ngmap/map.js":{"path":"/home/travis/build/npmtest/node-npmtest-angular-jsdoc/node_modules/angular-jsdoc/sample-codes/ngmap/map.js","s":{"1":2,"2":2,"3":0,"4":0,"5":2},"b":{},"f":{"1":2,"2":0,"3":0},"fnMap":{"1":{"name":"(anonymous_1)","line":1,"loc":{"start":{"line":1,"column":1},"end":{"line":1,"column":13}}},"2":{"name":"(anonymous_2)","line":46,"loc":{"start":{"line":46,"column":12},"end":{"line":46,"column":53}}},"3":{"name":"(anonymous_3)","line":56,"loc":{"start":{"line":56,"column":19},"end":{"line":56,"column":58}}}},"statementMap":{"1":{"start":{"line":1,"column":0},"end":{"line":69,"column":5}},"2":{"start":{"line":46,"column":2},"end":{"line":66,"column":4}},"3":{"start":{"line":56,"column":4},"end":{"line":58,"column":6}},"4":{"start":{"line":60,"column":4},"end":{"line":65,"column":6}},"5":{"start":{"line":68,"column":2},"end":{"line":68,"column":48}}},"branchMap":{},"code":["(function () {","  'use strict';","","  /**","   * @memberof ngmap","   * @ngdoc directive","   * @name map","   * @param  {service} Attr2Options Converts html attributes to Google map options","   * @param  {service} $timeout     Angular window.setTimeout wrapper ","   * @param  {service} $parse       Angular html parser","   * @description","   *   Implementation of MapController","   *   Initialize a Google map within a `<div>` tag with given options and register events","   *   It accepts children directives; marker, shape, or marker-clusterer","   *","   *   It initialize map, children tags, then emits message as soon as the action is done","   *   The message emitted from this directive is;","   *     . mapInitialized","   *","   * @attr {Expression} geo-callback ","   *    If center is an address or current location, the expression is will be executed ","   *    when geo-lookup is successful. e.g., geo-callback=\"showMyStoreInfo()\"","   * @attr {Array} geo-fallback-center  The center of map incase geolocation failed. i.e. [0,0]","   * @attr {Boolean} zoom-to-include-markers","   *    If true, map boundary will be changed automatially to include all markers when initialized","   * @attr {Boolean} default-style","   *    When false, the default styling, `display:block;height:300px`, will be ignored.","   * @attr {String} init-event The name of event to initialize this map.","   *    If this option is given, the map won't be initialized until the event is received.","   *    To invoke the event, use $scope.$emit or $scope.$broacast.","   *    i.e. `<map init-event=\"init-map\" ng-click=\"$emit('init-map')\" center=... ></map>`","   * @attr {String} &lt;MapOption> [Any Google map options](https://developers.google.com/maps/documentation/javascript/reference?csw=1#MapOptions)","   * @attr {String} &lt;MapEvent> [Any Google map events](https://rawgit.com/allenhwkim/angularjs-google-maps/master/build/map_events.html)","   * @example","   *   Usage:","   *   <map MAP_OPTIONS_OR_MAP_EVENTS ..>","   *     ... Any children directives","   *   </map>","   *","   *   <map center=\"[40.74, -74.18]\" on-click=\"doThat()\">","   *   </map>","   *","   *   <map geo-fallback-center=\"[40.74, -74.18]\" zoom-to-inlude-markers=\"true\">","   *   </map>","   */","  var map = function(Attr2Options, $timeout, $parse) {","","    /**","     * Initialize map and events","     * @memberof map","     * @param {service} scope the scope of this element","     * @param {service} element element that this direcive is assigned to","     * @param {service}   attrs attribute of this element","     * @param {MapController} ctrl map controller","     */","    var linkFunc = function (scope, element, attrs, ctrl) {","      // .. code ..","    };","","    return {","      restrict: 'AE',","      controller: 'MapController',","      link: linkFunc,","      templateUrl: 'sample-codes/ngmap/test-template.html'","    };","  };","","  angular.module('ngMap').directive('map', map);","})();",""],"l":{"1":2,"46":2,"56":0,"60":0,"68":2}}}